4316: 11:17:45.472 - ---
4316: 11:17:45.472 - Service: "Photon Socket Server" starting
4316: 11:17:45.472 - Config File: C:\Users\Tim\Downloads\PhotonServer\deploy\bin_Win64\PhotonServer.config
4316: 11:17:45.472 - Will produce at most: 10 crash dumps
4316: 11:17:45.472 - Action: run as service
4364: 11:17:45.644 - Server Starting...
4364: 11:17:45.644 -    Tick count: 142850 (wraps in: 49.7086 days)
4364: 11:17:45.644 - Tick count 64: 142850
4364: 11:17:45.644 - Photon Version: 3.4.5.2597
4364: 11:17:45.644 - PID: 4312
4364: 11:17:45.784 - Current directory is: C:\Windows\system32
4364: 11:17:45.784 - Changing current directory to: C:\Users\Tim\Downloads\PhotonServer\deploy\bin_Win64
4364: 11:17:45.784 - Config File: C:\Users\Tim\Downloads\PhotonServer\deploy\bin_Win64\PhotonServer.config
4364: 11:17:45.925 - Will NOT log unimportant exceptions
4364: 11:17:47.843 - Not using performance counters as they are not currently installed. Run the service with /InstallCounters to install them.
4364: 11:17:48.015 - Shutdown timeout enabled: 30000ms
4364: 11:17:48.265 - Starting I/O thread pool with 2 threads
4364: 11:17:48.639 - Using Standard allocator
4364: 11:17:48.639 - Max message size: 512000
4364: 11:17:49.045 - Starting business logic thread pool with the following settings
4364: 11:17:49.045 - InitialThreads: 4 threads
4364: 11:17:49.045 - MinThreads: 4 threads
4364: 11:17:49.045 - Thread pool is fixed size
4364: 11:17:49.045 - Starting ENet thread pool with the following settings
4364: 11:17:49.045 - InitialThreads: 2 threads
4364: 11:17:49.045 - MinThreads: 2 threads
4364: 11:17:49.045 - Thread pool is fixed size
4364: 11:17:49.045 - OnlyDispatchTimers: False
4364: 11:17:49.045 - S2S: flow control: Max pending writes: 50
4364: 11:17:49.045 - S2S: flow control: Max queued buffers: 200
4364: 11:17:49.138 - S2S: flow control: Max pending writes MUX: 500
4364: 11:17:49.138 - S2S: flow control: Max queued buffers MUX: 2000
4364: 11:17:49.138 - S2S: MaxInboundMessageSize: 512000
4364: 11:17:49.138 - S2S: MaxOutboundMessageSize: 512000
4364: 11:17:49.138 - S2S: No inactivity timeout
4364: 11:17:50.433 - WebSocket S2S: MaxInboundMessageSize: 512000
4364: 11:17:50.433 - WebSocket S2S: MaxOutboundMessageSize: 512000
4364: 11:17:50.433 - WebSocket S2S: No inactivity timeout
4364: 11:17:50.917 - Max Reliable Data In Transit (awaiting ACKs) per peer : 51200 bytes
4364: 11:17:50.917 - Per peer bandwidth limit
4364: 11:17:50.917 - Transmit Rate Limit: 256 KB/Sec
4364: 11:17:50.917 - Limit period: 200ms
4364: 11:17:50.917 - Limit per period: 52428 bytes
4364: 11:17:50.917 - Max queued data for transmission per peer: 512000 bytes
4364: 11:17:50.917 - Minimum retransmit timeout: 200
4364: 11:17:50.917 - Minimum ENet timeout: 5000ms
4364: 11:17:50.917 - Maximum ENet timeout: 30000ms
4364: 11:17:50.917 - Max Inbound Reliable Data Queued (awaiting resends of earlier sequence numbers) per peer : 163840 bytes
4364: 11:17:50.917 - Outbound ENet: MaxInboundMessageSize: 512000
4364: 11:17:50.917 - Outbound ENet: MaxOutboundMessageSize: 512000
4364: 11:17:52.945 - GetRuntime - About to load CLR - versions available:
4364: 11:17:52.945 - v2.0.50727
4364: 11:17:52.945 - v4.0.30319
4364: 11:17:52.945 - Configuration requests: "v2.0.50727"
4364: 11:17:52.945 - About to load version: "v2.0.50727"
4364: 11:18:02.757 - About to load runtime: PhotonHostRuntime.PhotonDomainManager from PhotonHostRuntime, Culture=neutral, PublicKeyToken=02C301B61B060C4D
4364: 11:18:02.757 - CLRBaseDirectory set to "C:\Users\Tim\Downloads\PhotonServer\deploy"
4364: 11:18:02.757 - Optimising event broadcast for 20 or more peers
4364: 11:18:02.866 - Start: About to load CLR - versions available:
4364: 11:18:02.866 - v2.0.50727
4364: 11:18:02.866 - v4.0.30319
4364: 11:18:02.866 - No preference in configuration file, will load latest.
4364: 11:18:02.866 - About to load version: "v4.0.30319"
4364: 11:18:02.960 - Loaded version: "v4.0.30319"
4364: 11:18:47.638 - Photon host runtime loaded
4364: 11:19:28.486 - License is valid.
4364: 11:19:28.486 - Licensed for 100 concurrent connections.
4364: 11:19:28.486 - ENet: Max Reliable Data In Transit (awaiting ACKs) per peer : 51200 bytes
4364: 11:19:28.486 - ENet: Per peer bandwidth limit
4364: 11:19:28.486 - ENet: Transmit Rate Limit: 256 KB/Sec
4364: 11:19:28.486 - ENet: Limit period: 200ms
4364: 11:19:28.486 - ENet: Limit per period: 52428 bytes
4364: 11:19:28.486 - ENet: Max queued data for transmission per peer: 512000 bytes
4364: 11:19:28.486 - ENet: Minimum retransmit timeout: 200
4364: 11:19:28.486 - ENet: Minimum timeout: 5000ms
4364: 11:19:28.486 - ENet: Maximum timeout: 30000ms
4364: 11:19:28.486 - ENet: Max Inbound Reliable Data Queued (awaiting resends of earlier sequence numbers) per peer : 163840 bytes
4364: 11:19:28.486 - About to load application: Lite from Lite
4364: 11:19:28.486 - Auto restart is enabled for application, existing connections will be terminated during restart
4364: 11:19:28.486 - Application will restart 1000ms after the last change detected
4364: 11:19:28.486 - Application will restart if files matching the following are changed: "dll;config"
4364: 11:19:28.486 - Application will NOT restart if files matching the following are changed: "log4net.config"
4364: 11:19:31.087 - Taking reference on default app domain
4364: 11:19:32.657 - Application: "Lite" started in app domain: 2
4364: 11:19:32.657 - About to load application: LiteLobby from LiteLobby
4364: 11:19:32.657 - Auto restart is enabled for application, existing connections will be terminated during restart
4364: 11:19:32.657 - Application will restart 1000ms after the last change detected
4364: 11:19:32.657 - Application will restart if files matching the following are changed: "dll;config"
4364: 11:19:32.657 - Application will NOT restart if files matching the following are changed: "log4net.config"
4364: 11:19:33.597 - Taking reference on default app domain
4364: 11:19:34.597 - Application: "LiteLobby" started in app domain: 3
4364: 11:19:34.597 - About to load application: MmoDemo from Photon.MmoDemo.Server
4364: 11:19:34.597 - Auto restart is enabled for application, existing connections will be terminated during restart
4364: 11:19:34.597 - Application will restart 1000ms after the last change detected
4364: 11:19:34.597 - Application will restart if files matching the following are changed: "dll;config"
4364: 11:19:34.597 - Application will NOT restart if files matching the following are changed: "log4net.config"
4364: 11:19:35.857 - Taking reference on default app domain
4364: 11:19:37.367 - Application: "MmoDemo" started in app domain: 4
4364: 11:19:37.367 - About to load application: CounterPublisher from CounterPublisher
4364: 11:19:37.367 - Auto restart is enabled for application, existing connections will be terminated during restart
4364: 11:19:37.367 - Application will restart 1000ms after the last change detected
4364: 11:19:37.367 - Application will restart if files matching the following are changed: "dll;config"
4364: 11:19:37.367 - Application will NOT restart if files matching the following are changed: "log4net.config"
4364: 11:19:39.377 - Taking reference on default app domain
4364: 11:19:40.767 - Application: "CounterPublisher" started in app domain: 5
4364: 11:19:40.767 - About to load application: ATServer from ATServer
4364: 11:19:40.767 - Auto restart is enabled for application, existing connections will be terminated during restart
4364: 11:19:40.767 - Application will restart 1000ms after the last change detected
4364: 11:19:40.767 - Application will restart if files matching the following are changed: "dll;config"
4364: 11:19:40.767 - Application will NOT restart if files matching the following are changed: "log4net.config"
4364: 11:19:42.527 - Taking reference on default app domain
4364: 11:19:43.637 - Application: "ATServer" started in app domain: 6
4364: 11:19:43.637 - Adding TCP listener on :0.0.0.0: 4530 with a listen backlog of: 150
4364: 11:19:43.637 - TCP inactivity timeout: 10000ms
4364: 11:19:43.637 - TCP disconnect timeout: 120000ms
4364: 11:19:43.637 - MaxInboundMessageSize: 512000
4364: 11:19:43.637 - MaxOutboundMessageSize: 512000
4364: 11:19:43.797 - Serving policy file requests from: "C:\Users\Tim\Downloads\PhotonServer\deploy\Policy\assets\socket-policy.xml"
4364: 11:19:43.827 - MaxInboundMessageSize: 512000
4364: 11:19:43.827 - MaxOutboundMessageSize: 512000
4364: 11:19:43.827 - UDP address specified as:0.0.0.0 adding listener to each available IPv4 address
4364: 11:19:43.827 - Adding UDP listener on :192.168.1.3: 5055 with a listen backlog of: 500
4364: 11:19:43.827 - Adding UDP listener on :127.0.0.1: 5055 with a listen backlog of: 500
4364: 11:19:43.827 - Adding WebSocket TCP listener on :0.0.0.0: 9090 with a listen backlog of: 150
4364: 11:19:43.827 - Nagle disabled
4364: 11:19:43.827 - TCP inactivity timeout: 10000ms
4364: 11:19:43.827 - MaxInboundMessageSize: 512000
4364: 11:19:43.827 - MaxOutboundMessageSize: 512000
4364: 11:19:43.827 - Forcing all applications ids to: "Lite"
4364: 11:19:43.827 - Will accept ANY sub-protocols from the client
4364: 11:19:43.827 - No automatic WebSocket ping
4364: 11:19:43.997 - Adding Policy File listener on :0.0.0.0: 843 with a listen backlog of: 150 and serving Policy File: "C:\Users\Tim\Downloads\PhotonServer\deploy\Policy\assets\socket-policy.xml"
4364: 11:19:43.997 - TCP inactivity timeout: 10000ms
4364: 11:19:43.997 - Adding Policy File listener on :0.0.0.0: 943 with a listen backlog of: 150 and serving Policy File: "C:\Users\Tim\Downloads\PhotonServer\deploy\Policy\assets\socket-policy-silverlight.xml"
4364: 11:19:43.997 - TCP inactivity timeout: 10000ms
4364: 11:19:44.117 - Service is running...
4364: 11:28:45.391 - Service is stopped...
4364: 11:28:45.391 - Server shutting down...
4364: 11:28:45.391 - Shutdown monitoring enabled, 30000ms before process abort
4364: 11:28:45.750 - Notifying CLR applications of shutdown...
4364: 11:28:45.750 - RequestApplicationStop: 6
4364: 11:28:45.921 - RequestApplicationStop: 5
4364: 11:28:45.921 - RequestApplicationStop: 2
4364: 11:28:45.921 - RequestApplicationStop: 3
4364: 11:28:45.921 - RequestApplicationStop: 4
4364: 11:28:45.921 - RequestStop: defalt app domain
4364: 11:28:45.921 - Shutting down WebSocket Outbound Connection Manager...
4364: 11:28:45.921 - Shutting down TCP Outbound Connection Manager...
4364: 11:28:46.030 - Shutting down ENet Outbound Connection Manager...
4364: 11:28:46.030 - Disconnecting all outbound peers...
4364: 11:28:46.030 - Shutting down ENet host...
4364: 11:28:46.030 - Disconnecting all peers...
4364: 11:28:46.030 - Shutting down socket servers...
4364: 11:28:46.030 - Shutting down ENet thread pool...
4364: 11:28:46.030 - Shutting down TCP inactivity timers...
4364: 11:28:46.030 - WaitingForShutdownToComplete: NativePolicy:0.0.0.0:843
4364: 11:28:46.030 - OnShutdownCompleted: NativePolicy:0.0.0.0:843
4364: 11:28:46.030 - WaitingForShutdownToComplete: NativePolicy:0.0.0.0:943
4364: 11:28:46.030 - OnShutdownCompleted: NativePolicy:0.0.0.0:943
4364: 11:28:46.030 - WaitingForShutdownToComplete: TCP:0.0.0.0:4530
4364: 11:28:46.030 - OnShutdownCompleted: TCP:0.0.0.0:4530
4364: 11:28:46.030 - WaitingForShutdownToComplete: UDP:127.0.0.1:5055
4364: 11:28:46.030 - OnShutdownCompleted: UDP:127.0.0.1:5055
4364: 11:28:46.030 - WaitingForShutdownToComplete: UDP:192.168.1.3:5055
4364: 11:28:46.030 - OnShutdownCompleted: UDP:192.168.1.3:5055
4364: 11:28:46.030 - WaitingForShutdownToComplete: WebSocket:0.0.0.0:9090
4364: 11:28:46.030 - OnShutdownCompleted: WebSocket:0.0.0.0:9090
4364: 11:28:46.030 - Shutting down CLR applications...
4364: 11:28:47.762 - ATServer:6 - Stop() failed.
Exception:
System.NotImplementedException: The method or operation is not implemented.
   at ATServer.PhotonServer.TearDown() in c:\Users\Tim\Downloads\PhotonServer\src-server\ATServer\ATServer\PhotonServer.cs:line 36
   at Photon.SocketServer.ApplicationBase.PhotonHostRuntimeInterfaces.IPhotonControl.OnStop() in h:\svncontent\photon-socketserver-sdk_3.4\src\Photon.SocketServer\ApplicationBase.cs:line 1130
   at PhotonHostRuntime.PhotonDomainManager.PhotonPlainAppDomainBehavior.Stop()
   at PhotonHostRuntime.PhotonDomainManager.Stop()
4760: 11:28:47.902 - CManagedHost::OnDefaultAction() - OPR_AppDomainUnload - eUnloadAppDomain
4364: 11:28:47.918 - Shutting down business logic thread pool...
4364: 11:28:47.918 - Shutting down I/O thread pool...
4364: 11:28:47.918 - Destroying servers
4364: 11:28:47.918 - Destroying WebSocket Outbound Connection Manager
4364: 11:28:47.918 - Destroying TCP Outbound Connection Manager
4364: 11:28:47.918 - Destroying TCP inactivity timer
4364: 11:28:47.918 - Destroying ENet timer wheel
4752: 11:28:47.918 - Unloading Domain: ApplicationName = 'CounterPublisher', DomainId='5'
4760: 11:28:47.918 - CManagedHost::OnDomainUnload() - 5
4760: 11:28:47.934 - CManagedHost::OnDefaultAction() - OPR_AppDomainUnload - eUnloadAppDomain
4752: 11:28:47.934 - Unloading Domain: ApplicationName = 'Lite', DomainId='2'
4760: 11:28:47.934 - CManagedHost::OnDomainUnload() - 2
4760: 11:28:47.934 - CManagedHost::OnDefaultAction() - OPR_AppDomainUnload - eUnloadAppDomain
4364: 11:28:47.949 - Destroying ENet host
4364: 11:28:47.949 - Destroying ENet outbound host
4364: 11:28:47.949 - Destroying HTTP inactivity timer
4364: 11:28:47.949 - Destroying HTTP host
4364: 11:28:47.949 - Flushing ENET buffer allocator...
4364: 11:28:47.949 - Flushing TCP buffer handle allocator...
4364: 11:28:47.949 - Flushing stream socket allocator...
4364: 11:28:47.949 - Flushing inbound datagram socket allocator...
4364: 11:28:47.949 - Flushing outbound datagram socket allocator...
4364: 11:28:47.949 - Destroying CLR dispatcher
4364: 11:28:47.949 - Destroying CLR applications
4752: 11:28:47.949 - Unloading Domain: ApplicationName = 'LiteLobby', DomainId='3'
4760: 11:28:47.949 - CManagedHost::OnDomainUnload() - 3
4364: 11:28:48.074 - ~CCLRApplicationCollection() - Waiting up to 10 seconds for the CLR to release all of our objects
4760: 11:28:48.074 - CManagedHost::OnDefaultAction() - OPR_AppDomainUnload - eUnloadAppDomain
4752: 11:28:48.090 - Unloading Domain: ApplicationName = 'MmoDemo', DomainId='4'
4760: 11:28:48.090 - CManagedHost::OnDomainUnload() - 4
3104: 19:46:45.532 - ---
3104: 19:46:45.532 - Service: "Photon Socket Server" starting
3104: 19:46:45.532 - Config File: C:\Users\Tim\Downloads\PhotonServer\deploy\bin_Win64\PhotonServer.config
3104: 19:46:45.534 - Will produce at most: 10 crash dumps
3104: 19:46:45.534 - Action: run as service
3872: 19:46:45.747 - Server Starting...
3872: 19:46:45.871 -    Tick count: 115955 (wraps in: 49.7089 days)
3872: 19:46:45.871 - Tick count 64: 116080
3872: 19:46:45.871 - Photon Version: 3.4.5.2597
3872: 19:46:45.871 - PID: 4088
3872: 19:46:45.972 - Current directory is: C:\Windows\system32
3872: 19:46:45.972 - Changing current directory to: C:\Users\Tim\Downloads\PhotonServer\deploy\bin_Win64
3872: 19:46:45.972 - Config File: C:\Users\Tim\Downloads\PhotonServer\deploy\bin_Win64\PhotonServer.config
3872: 19:46:46.073 - Will NOT log unimportant exceptions
3872: 19:46:48.261 - Not using performance counters as they are not currently installed. Run the service with /InstallCounters to install them.
3872: 19:46:48.417 - Shutdown timeout enabled: 30000ms
3872: 19:46:48.776 - Starting I/O thread pool with 2 threads
3872: 19:46:49.197 - Using Standard allocator
3872: 19:46:49.338 - Max message size: 512000
3872: 19:46:49.962 - Starting business logic thread pool with the following settings
3872: 19:46:49.962 - InitialThreads: 4 threads
3872: 19:46:49.962 - MinThreads: 4 threads
3872: 19:46:49.962 - Thread pool is fixed size
3872: 19:46:49.962 - Starting ENet thread pool with the following settings
3872: 19:46:49.962 - InitialThreads: 2 threads
3872: 19:46:49.962 - MinThreads: 2 threads
3872: 19:46:49.962 - Thread pool is fixed size
3872: 19:46:49.962 - OnlyDispatchTimers: False
3872: 19:46:49.962 - S2S: flow control: Max pending writes: 50
3872: 19:46:49.962 - S2S: flow control: Max queued buffers: 200
3872: 19:46:50.211 - S2S: flow control: Max pending writes MUX: 500
3872: 19:46:50.211 - S2S: flow control: Max queued buffers MUX: 2000
3872: 19:46:50.211 - S2S: MaxInboundMessageSize: 512000
3872: 19:46:50.211 - S2S: MaxOutboundMessageSize: 512000
3872: 19:46:50.211 - S2S: No inactivity timeout
3872: 19:46:51.693 - WebSocket S2S: MaxInboundMessageSize: 512000
3872: 19:46:51.693 - WebSocket S2S: MaxOutboundMessageSize: 512000
3872: 19:46:51.693 - WebSocket S2S: No inactivity timeout
3872: 19:46:51.958 - Max Reliable Data In Transit (awaiting ACKs) per peer : 51200 bytes
3872: 19:46:51.958 - Per peer bandwidth limit
3872: 19:46:51.958 - Transmit Rate Limit: 256 KB/Sec
3872: 19:46:51.958 - Limit period: 200ms
3872: 19:46:51.958 - Limit per period: 52428 bytes
3872: 19:46:51.958 - Max queued data for transmission per peer: 512000 bytes
3872: 19:46:51.958 - Minimum retransmit timeout: 200
3872: 19:46:51.958 - Minimum ENet timeout: 5000ms
3872: 19:46:51.958 - Maximum ENet timeout: 30000ms
3872: 19:46:51.958 - Max Inbound Reliable Data Queued (awaiting resends of earlier sequence numbers) per peer : 163840 bytes
3872: 19:46:51.958 - Outbound ENet: MaxInboundMessageSize: 512000
3872: 19:46:51.958 - Outbound ENet: MaxOutboundMessageSize: 512000
3872: 19:46:54.408 - GetRuntime - About to load CLR - versions available:
3872: 19:46:54.408 - v2.0.50727
3872: 19:46:54.408 - v4.0.30319
3872: 19:46:54.408 - Configuration requests: "v2.0.50727"
3872: 19:46:54.408 - About to load version: "v2.0.50727"
3872: 19:47:03.378 - About to load runtime: PhotonHostRuntime.PhotonDomainManager from PhotonHostRuntime, Culture=neutral, PublicKeyToken=02C301B61B060C4D
3872: 19:47:03.378 - CLRBaseDirectory set to "C:\Users\Tim\Downloads\PhotonServer\deploy"
3872: 19:47:03.378 - Optimising event broadcast for 20 or more peers
3872: 19:47:03.534 - Start: About to load CLR - versions available:
3872: 19:47:03.534 - v2.0.50727
3872: 19:47:03.534 - v4.0.30319
3872: 19:47:03.534 - No preference in configuration file, will load latest.
3872: 19:47:03.534 - About to load version: "v4.0.30319"
3872: 19:47:03.580 - Loaded version: "v4.0.30319"
3872: 19:47:40.646 - Photon host runtime loaded
3872: 19:48:01.675 - License is valid.
3872: 19:48:01.675 - Licensed for 100 concurrent connections.
3872: 19:48:01.675 - ENet: Max Reliable Data In Transit (awaiting ACKs) per peer : 51200 bytes
3872: 19:48:01.675 - ENet: Per peer bandwidth limit
3872: 19:48:01.675 - ENet: Transmit Rate Limit: 256 KB/Sec
3872: 19:48:01.675 - ENet: Limit period: 200ms
3872: 19:48:01.675 - ENet: Limit per period: 52428 bytes
3872: 19:48:01.675 - ENet: Max queued data for transmission per peer: 512000 bytes
3872: 19:48:01.675 - ENet: Minimum retransmit timeout: 200
3872: 19:48:01.675 - ENet: Minimum timeout: 5000ms
3872: 19:48:01.675 - ENet: Maximum timeout: 30000ms
3872: 19:48:01.675 - ENet: Max Inbound Reliable Data Queued (awaiting resends of earlier sequence numbers) per peer : 163840 bytes
3872: 19:48:01.675 - About to load application: Lite from Lite
3872: 19:48:01.675 - Auto restart is enabled for application, existing connections will be terminated during restart
3872: 19:48:01.675 - Application will restart 1000ms after the last change detected
3872: 19:48:01.675 - Application will restart if files matching the following are changed: "dll;config"
3872: 19:48:01.675 - Application will NOT restart if files matching the following are changed: "log4net.config"
3872: 19:48:03.157 - Taking reference on default app domain
3872: 19:48:04.171 - Application: "Lite" started in app domain: 2
3872: 19:48:04.171 - About to load application: LiteLobby from LiteLobby
3872: 19:48:04.171 - Auto restart is enabled for application, existing connections will be terminated during restart
3872: 19:48:04.171 - Application will restart 1000ms after the last change detected
3872: 19:48:04.171 - Application will restart if files matching the following are changed: "dll;config"
3872: 19:48:04.171 - Application will NOT restart if files matching the following are changed: "log4net.config"
3872: 19:48:04.935 - Taking reference on default app domain
3872: 19:48:05.684 - Application: "LiteLobby" started in app domain: 3
3872: 19:48:05.684 - About to load application: MmoDemo from Photon.MmoDemo.Server
3872: 19:48:05.684 - Auto restart is enabled for application, existing connections will be terminated during restart
3872: 19:48:05.684 - Application will restart 1000ms after the last change detected
3872: 19:48:05.684 - Application will restart if files matching the following are changed: "dll;config"
3872: 19:48:05.684 - Application will NOT restart if files matching the following are changed: "log4net.config"
3872: 19:48:06.761 - Taking reference on default app domain
3872: 19:48:07.665 - Application: "MmoDemo" started in app domain: 4
3872: 19:48:07.665 - About to load application: CounterPublisher from CounterPublisher
3872: 19:48:07.665 - Auto restart is enabled for application, existing connections will be terminated during restart
3872: 19:48:07.665 - Application will restart 1000ms after the last change detected
3872: 19:48:07.665 - Application will restart if files matching the following are changed: "dll;config"
3872: 19:48:07.665 - Application will NOT restart if files matching the following are changed: "log4net.config"
3872: 19:48:08.601 - Taking reference on default app domain
3872: 19:48:09.553 - Application: "CounterPublisher" started in app domain: 5
3872: 19:48:09.553 - About to load application: ATServer from ATServer
3872: 19:48:09.553 - Auto restart is enabled for application, existing connections will be terminated during restart
3872: 19:48:09.553 - Application will restart 1000ms after the last change detected
3872: 19:48:09.553 - Application will restart if files matching the following are changed: "dll;config"
3872: 19:48:09.553 - Application will NOT restart if files matching the following are changed: "log4net.config"
3872: 19:48:10.364 - Taking reference on default app domain
3872: 19:48:11.035 - Application: "ATServer" started in app domain: 6
3872: 19:48:11.035 - Adding TCP listener on :0.0.0.0: 4530 with a listen backlog of: 150
3872: 19:48:11.035 - TCP inactivity timeout: 10000ms
3872: 19:48:11.035 - TCP disconnect timeout: 120000ms
3872: 19:48:11.035 - MaxInboundMessageSize: 512000
3872: 19:48:11.035 - MaxOutboundMessageSize: 512000
3872: 19:48:11.425 - Serving policy file requests from: "C:\Users\Tim\Downloads\PhotonServer\deploy\Policy\assets\socket-policy.xml"
3872: 19:48:11.456 - MaxInboundMessageSize: 512000
3872: 19:48:11.456 - MaxOutboundMessageSize: 512000
3872: 19:48:11.456 - UDP address specified as:0.0.0.0 adding listener to each available IPv4 address
3872: 19:48:11.456 - Adding UDP listener on :192.168.1.3: 5055 with a listen backlog of: 500
3872: 19:48:11.456 - Adding UDP listener on :127.0.0.1: 5055 with a listen backlog of: 500
3872: 19:48:11.456 - Adding WebSocket TCP listener on :0.0.0.0: 9090 with a listen backlog of: 150
3872: 19:48:11.456 - Nagle disabled
3872: 19:48:11.456 - TCP inactivity timeout: 10000ms
3872: 19:48:11.456 - MaxInboundMessageSize: 512000
3872: 19:48:11.456 - MaxOutboundMessageSize: 512000
3872: 19:48:11.456 - Forcing all applications ids to: "Lite"
3872: 19:48:11.456 - Will accept ANY sub-protocols from the client
3872: 19:48:11.456 - No automatic WebSocket ping
3872: 19:48:11.487 - Adding Policy File listener on :0.0.0.0: 843 with a listen backlog of: 150 and serving Policy File: "C:\Users\Tim\Downloads\PhotonServer\deploy\Policy\assets\socket-policy.xml"
3872: 19:48:11.487 - TCP inactivity timeout: 10000ms
3872: 19:48:11.487 - Adding Policy File listener on :0.0.0.0: 943 with a listen backlog of: 150 and serving Policy File: "C:\Users\Tim\Downloads\PhotonServer\deploy\Policy\assets\socket-policy-silverlight.xml"
3872: 19:48:11.487 - TCP inactivity timeout: 10000ms
3872: 19:48:11.597 - Service is running...
