3656: 00:38:27.058 - Service is stopped...
3656: 00:38:27.058 - Server shutting down...
3656: 00:38:27.058 - Shutdown monitoring enabled, 30000ms before process abort
3656: 00:38:27.370 - Notifying CLR applications of shutdown...
3656: 00:38:27.370 - RequestApplicationStop: 6
3656: 00:38:29.320 - RequestApplicationStop: 5
3656: 00:38:29.320 - RequestApplicationStop: 2
3656: 00:38:29.320 - RequestApplicationStop: 3
3656: 00:38:29.336 - RequestApplicationStop: 4
3656: 00:38:29.336 - RequestStop: defalt app domain
3656: 00:38:29.336 - Shutting down WebSocket Outbound Connection Manager...
3656: 00:38:29.398 - Shutting down TCP Outbound Connection Manager...
3656: 00:38:29.648 - Shutting down ENet Outbound Connection Manager...
3656: 00:38:29.741 - Disconnecting all outbound peers...
3656: 00:38:30.084 - Shutting down ENet host...
3656: 00:38:30.084 - Disconnecting all peers...
3656: 00:38:30.084 - Shutting down socket servers...
3656: 00:38:30.084 - Shutting down ENet thread pool...
3656: 00:38:30.084 - Shutting down TCP inactivity timers...
3656: 00:38:30.084 - WaitingForShutdownToComplete: NativePolicy:0.0.0.0:843
3656: 00:38:30.084 - OnShutdownCompleted: NativePolicy:0.0.0.0:843
3656: 00:38:30.084 - WaitingForShutdownToComplete: NativePolicy:0.0.0.0:943
3656: 00:38:30.084 - OnShutdownCompleted: NativePolicy:0.0.0.0:943
3656: 00:38:30.084 - WaitingForShutdownToComplete: TCP:0.0.0.0:4530
3656: 00:38:30.084 - OnShutdownCompleted: TCP:0.0.0.0:4530
3656: 00:38:30.084 - WaitingForShutdownToComplete: UDP:127.0.0.1:5055
3656: 00:38:30.084 - OnShutdownCompleted: UDP:127.0.0.1:5055
3656: 00:38:30.084 - WaitingForShutdownToComplete: UDP:192.168.1.3:5055
3656: 00:38:30.084 - OnShutdownCompleted: UDP:192.168.1.3:5055
3656: 00:38:30.084 - WaitingForShutdownToComplete: WebSocket:0.0.0.0:9090
3656: 00:38:30.084 - OnShutdownCompleted: WebSocket:0.0.0.0:9090
3656: 00:38:30.084 - Shutting down CLR applications...
3656: 00:38:35.201 - ATServer:6 - Stop() failed.
Exception:
System.NotImplementedException: The method or operation is not implemented.
   at ATServer.PhotonServer.TearDown() in c:\Users\Tim\Downloads\PhotonServer\src-server\ATServer\ATServer\PhotonServer.cs:line 36
   at Photon.SocketServer.ApplicationBase.PhotonHostRuntimeInterfaces.IPhotonControl.OnStop() in h:\svncontent\photon-socketserver-sdk_3.4\src\Photon.SocketServer\ApplicationBase.cs:line 1130
   at PhotonHostRuntime.PhotonDomainManager.PhotonPlainAppDomainBehavior.Stop()
   at PhotonHostRuntime.PhotonDomainManager.Stop()
3656: 00:38:35.248 - Shutting down business logic thread pool...
3656: 00:38:35.248 - Shutting down I/O thread pool...
3656: 00:38:35.264 - Destroying servers
3656: 00:38:35.264 - Destroying WebSocket Outbound Connection Manager
3656: 00:38:35.264 - Destroying TCP Outbound Connection Manager
3656: 00:38:35.264 - Destroying TCP inactivity timer
3656: 00:38:35.264 - Destroying ENet timer wheel
4604: 00:38:35.264 - CManagedHost::OnDefaultAction() - OPR_AppDomainUnload - eUnloadAppDomain
3656: 00:38:35.279 - Destroying ENet host
3656: 00:38:35.279 - Destroying ENet outbound host
3656: 00:38:35.279 - Destroying HTTP inactivity timer
3656: 00:38:35.279 - Destroying HTTP host
3656: 00:38:35.279 - Flushing ENET buffer allocator...
3656: 00:38:35.279 - Flushing TCP buffer handle allocator...
3656: 00:38:35.279 - Flushing stream socket allocator...
3656: 00:38:35.279 - Flushing inbound datagram socket allocator...
3656: 00:38:35.279 - Flushing outbound datagram socket allocator...
3656: 00:38:35.279 - Destroying CLR dispatcher
3656: 00:38:35.279 - Destroying CLR applications
4596: 00:38:35.279 - Unloading Domain: ApplicationName = 'CounterPublisher', DomainId='5'
4604: 00:38:35.310 - CManagedHost::OnDomainUnload() - 5
3656: 00:38:35.435 - ~CCLRApplicationCollection() - Waiting up to 10 seconds for the CLR to release all of our objects
4604: 00:38:35.685 - CManagedHost::OnDefaultAction() - OPR_AppDomainUnload - eUnloadAppDomain
4596: 00:38:35.685 - Unloading Domain: ApplicationName = 'Lite', DomainId='2'
4604: 00:38:35.685 - CManagedHost::OnDomainUnload() - 2
4604: 00:38:35.778 - CManagedHost::OnDefaultAction() - OPR_AppDomainUnload - eUnloadAppDomain
4596: 00:38:35.794 - Unloading Domain: ApplicationName = 'LiteLobby', DomainId='3'
4604: 00:38:35.794 - CManagedHost::OnDomainUnload() - 3
4604: 00:38:35.919 - CManagedHost::OnDefaultAction() - OPR_AppDomainUnload - eUnloadAppDomain
4596: 00:38:35.919 - Unloading Domain: ApplicationName = 'MmoDemo', DomainId='4'
4604: 00:38:35.919 - CManagedHost::OnDomainUnload() - 4
3628: 11:06:38.860 - ---
3628: 11:06:38.860 - Service: "Photon Socket Server" starting
3628: 11:06:38.860 - Config File: C:\Users\Tim\Downloads\PhotonServer\deploy\bin_Win64\PhotonServer.config
3628: 11:06:38.860 - Will produce at most: 10 crash dumps
3628: 11:06:38.860 - Action: run as service
3728: 11:06:39.516 - Server Starting...
3728: 11:06:39.562 -    Tick count: 128732 (wraps in: 49.7088 days)
3728: 11:06:39.562 - Tick count 64: 128778
3728: 11:06:39.562 - Photon Version: 3.4.5.2597
3728: 11:06:39.562 - PID: 3636
3728: 11:06:39.750 - Current directory is: C:\Windows\system32
3728: 11:06:39.750 - Changing current directory to: C:\Users\Tim\Downloads\PhotonServer\deploy\bin_Win64
3728: 11:06:39.750 - Config File: C:\Users\Tim\Downloads\PhotonServer\deploy\bin_Win64\PhotonServer.config
3728: 11:06:39.937 - Will NOT log unimportant exceptions
3728: 11:06:41.559 - Not using performance counters as they are not currently installed. Run the service with /InstallCounters to install them.
3728: 11:06:41.637 - Shutdown timeout enabled: 30000ms
3728: 11:06:41.840 - Starting I/O thread pool with 2 threads
3728: 11:06:42.417 - Using Standard allocator
3728: 11:06:42.558 - Max message size: 512000
3728: 11:06:43.150 - Starting business logic thread pool with the following settings
3728: 11:06:43.150 - InitialThreads: 4 threads
3728: 11:06:43.150 - MinThreads: 4 threads
3728: 11:06:43.150 - Thread pool is fixed size
3728: 11:06:43.150 - Starting ENet thread pool with the following settings
3728: 11:06:43.150 - InitialThreads: 2 threads
3728: 11:06:43.150 - MinThreads: 2 threads
3728: 11:06:43.150 - Thread pool is fixed size
3728: 11:06:43.150 - OnlyDispatchTimers: False
3728: 11:06:43.150 - S2S: flow control: Max pending writes: 50
3728: 11:06:43.150 - S2S: flow control: Max queued buffers: 200
3728: 11:06:43.197 - S2S: flow control: Max pending writes MUX: 500
3728: 11:06:43.197 - S2S: flow control: Max queued buffers MUX: 2000
3728: 11:06:43.197 - S2S: MaxInboundMessageSize: 512000
3728: 11:06:43.197 - S2S: MaxOutboundMessageSize: 512000
3728: 11:06:43.197 - S2S: No inactivity timeout
3728: 11:06:44.944 - WebSocket S2S: MaxInboundMessageSize: 512000
3728: 11:06:44.944 - WebSocket S2S: MaxOutboundMessageSize: 512000
3728: 11:06:44.944 - WebSocket S2S: No inactivity timeout
3728: 11:06:45.288 - Max Reliable Data In Transit (awaiting ACKs) per peer : 51200 bytes
3728: 11:06:45.288 - Per peer bandwidth limit
3728: 11:06:45.288 - Transmit Rate Limit: 256 KB/Sec
3728: 11:06:45.288 - Limit period: 200ms
3728: 11:06:45.288 - Limit per period: 52428 bytes
3728: 11:06:45.288 - Max queued data for transmission per peer: 512000 bytes
3728: 11:06:45.288 - Minimum retransmit timeout: 200
3728: 11:06:45.288 - Minimum ENet timeout: 5000ms
3728: 11:06:45.288 - Maximum ENet timeout: 30000ms
3728: 11:06:45.288 - Max Inbound Reliable Data Queued (awaiting resends of earlier sequence numbers) per peer : 163840 bytes
3728: 11:06:45.288 - Outbound ENet: MaxInboundMessageSize: 512000
3728: 11:06:45.288 - Outbound ENet: MaxOutboundMessageSize: 512000
3728: 11:06:47.113 - GetRuntime - About to load CLR - versions available:
3728: 11:06:47.113 - v2.0.50727
3728: 11:06:47.113 - v4.0.30319
3728: 11:06:47.113 - Configuration requests: "v2.0.50727"
3728: 11:06:47.113 - About to load version: "v2.0.50727"
3728: 11:06:54.241 - About to load runtime: PhotonHostRuntime.PhotonDomainManager from PhotonHostRuntime, Culture=neutral, PublicKeyToken=02C301B61B060C4D
3728: 11:06:54.241 - CLRBaseDirectory set to "C:\Users\Tim\Downloads\PhotonServer\deploy"
3728: 11:06:54.241 - Optimising event broadcast for 20 or more peers
3728: 11:06:54.408 - Start: About to load CLR - versions available:
3728: 11:06:54.408 - v2.0.50727
3728: 11:06:54.408 - v4.0.30319
3728: 11:06:54.408 - No preference in configuration file, will load latest.
3728: 11:06:54.408 - About to load version: "v4.0.30319"
3728: 11:06:54.520 - Loaded version: "v4.0.30319"
3728: 11:07:33.727 - Photon host runtime loaded
3728: 11:07:52.130 - License is valid.
3728: 11:07:52.130 - Licensed for 100 concurrent connections.
3728: 11:07:52.130 - ENet: Max Reliable Data In Transit (awaiting ACKs) per peer : 51200 bytes
3728: 11:07:52.130 - ENet: Per peer bandwidth limit
3728: 11:07:52.130 - ENet: Transmit Rate Limit: 256 KB/Sec
3728: 11:07:52.130 - ENet: Limit period: 200ms
3728: 11:07:52.130 - ENet: Limit per period: 52428 bytes
3728: 11:07:52.130 - ENet: Max queued data for transmission per peer: 512000 bytes
3728: 11:07:52.130 - ENet: Minimum retransmit timeout: 200
3728: 11:07:52.130 - ENet: Minimum timeout: 5000ms
3728: 11:07:52.130 - ENet: Maximum timeout: 30000ms
3728: 11:07:52.130 - ENet: Max Inbound Reliable Data Queued (awaiting resends of earlier sequence numbers) per peer : 163840 bytes
3728: 11:07:52.130 - About to load application: Lite from Lite
3728: 11:07:52.130 - Auto restart is enabled for application, existing connections will be terminated during restart
3728: 11:07:52.130 - Application will restart 1000ms after the last change detected
3728: 11:07:52.130 - Application will restart if files matching the following are changed: "dll;config"
3728: 11:07:52.130 - Application will NOT restart if files matching the following are changed: "log4net.config"
3728: 11:07:54.049 - Taking reference on default app domain
3728: 11:07:55.625 - Application: "Lite" started in app domain: 2
3728: 11:07:55.625 - About to load application: LiteLobby from LiteLobby
3728: 11:07:55.625 - Auto restart is enabled for application, existing connections will be terminated during restart
3728: 11:07:55.625 - Application will restart 1000ms after the last change detected
3728: 11:07:55.625 - Application will restart if files matching the following are changed: "dll;config"
3728: 11:07:55.625 - Application will NOT restart if files matching the following are changed: "log4net.config"
3728: 11:07:56.966 - Taking reference on default app domain
3728: 11:07:58.277 - Application: "LiteLobby" started in app domain: 3
3728: 11:07:58.277 - About to load application: MmoDemo from Photon.MmoDemo.Server
3728: 11:07:58.277 - Auto restart is enabled for application, existing connections will be terminated during restart
3728: 11:07:58.277 - Application will restart 1000ms after the last change detected
3728: 11:07:58.277 - Application will restart if files matching the following are changed: "dll;config"
3728: 11:07:58.277 - Application will NOT restart if files matching the following are changed: "log4net.config"
3728: 11:07:59.228 - Taking reference on default app domain
3728: 11:08:00.164 - Application: "MmoDemo" started in app domain: 4
3728: 11:08:00.164 - About to load application: CounterPublisher from CounterPublisher
3728: 11:08:00.164 - Auto restart is enabled for application, existing connections will be terminated during restart
3728: 11:08:00.164 - Application will restart 1000ms after the last change detected
3728: 11:08:00.164 - Application will restart if files matching the following are changed: "dll;config"
3728: 11:08:00.164 - Application will NOT restart if files matching the following are changed: "log4net.config"
3728: 11:08:01.147 - Taking reference on default app domain
3728: 11:08:02.270 - Application: "CounterPublisher" started in app domain: 5
3728: 11:08:02.270 - About to load application: ATServer from ATServer
3728: 11:08:02.270 - Auto restart is enabled for application, existing connections will be terminated during restart
3728: 11:08:02.270 - Application will restart 1000ms after the last change detected
3728: 11:08:02.270 - Application will restart if files matching the following are changed: "dll;config"
3728: 11:08:02.270 - Application will NOT restart if files matching the following are changed: "log4net.config"
3728: 11:08:03.113 - Taking reference on default app domain
3728: 11:08:03.830 - Application: "ATServer" started in app domain: 6
3728: 11:08:03.830 - Adding TCP listener on :0.0.0.0: 4530 with a listen backlog of: 150
3728: 11:08:03.830 - TCP inactivity timeout: 10000ms
3728: 11:08:03.830 - TCP disconnect timeout: 120000ms
3728: 11:08:03.830 - MaxInboundMessageSize: 512000
3728: 11:08:03.830 - MaxOutboundMessageSize: 512000
3728: 11:08:03.971 - Serving policy file requests from: "C:\Users\Tim\Downloads\PhotonServer\deploy\Policy\assets\socket-policy.xml"
3728: 11:08:03.986 - MaxInboundMessageSize: 512000
3728: 11:08:03.986 - MaxOutboundMessageSize: 512000
3728: 11:08:03.986 - UDP address specified as:0.0.0.0 adding listener to each available IPv4 address
3728: 11:08:03.986 - Adding UDP listener on :192.168.1.3: 5055 with a listen backlog of: 500
3728: 11:08:03.986 - Adding UDP listener on :127.0.0.1: 5055 with a listen backlog of: 500
3728: 11:08:03.986 - Adding WebSocket TCP listener on :0.0.0.0: 9090 with a listen backlog of: 150
3728: 11:08:03.986 - Nagle disabled
3728: 11:08:03.986 - TCP inactivity timeout: 10000ms
3728: 11:08:03.986 - MaxInboundMessageSize: 512000
3728: 11:08:03.986 - MaxOutboundMessageSize: 512000
3728: 11:08:03.986 - Forcing all applications ids to: "Lite"
3728: 11:08:03.986 - Will accept ANY sub-protocols from the client
3728: 11:08:03.986 - No automatic WebSocket ping
3728: 11:08:04.127 - Adding Policy File listener on :0.0.0.0: 843 with a listen backlog of: 150 and serving Policy File: "C:\Users\Tim\Downloads\PhotonServer\deploy\Policy\assets\socket-policy.xml"
3728: 11:08:04.127 - TCP inactivity timeout: 10000ms
3728: 11:08:04.127 - Adding Policy File listener on :0.0.0.0: 943 with a listen backlog of: 150 and serving Policy File: "C:\Users\Tim\Downloads\PhotonServer\deploy\Policy\assets\socket-policy-silverlight.xml"
3728: 11:08:04.127 - TCP inactivity timeout: 10000ms
3728: 11:08:04.330 - Service is running...
4724: 12:08:05.471 - Connect to Photon License Server failed. Trying again later. Allowed days without contact: 2
3728: 23:03:31.829 - Service is stopped...
3728: 23:03:31.829 - Server shutting down...
3728: 23:03:31.829 - Shutdown monitoring enabled, 30000ms before process abort
3728: 23:03:32.750 - Notifying CLR applications of shutdown...
3728: 23:03:32.750 - RequestApplicationStop: 6
3728: 23:03:34.575 - RequestApplicationStop: 5
3728: 23:03:34.622 - RequestApplicationStop: 2
3728: 23:03:34.653 - RequestApplicationStop: 3
3728: 23:03:34.840 - RequestApplicationStop: 4
3728: 23:03:34.856 - RequestStop: defalt app domain
3728: 23:03:35.121 - Shutting down WebSocket Outbound Connection Manager...
3728: 23:03:35.168 - Shutting down TCP Outbound Connection Manager...
3728: 23:03:35.386 - Shutting down ENet Outbound Connection Manager...
3728: 23:03:35.464 - Disconnecting all outbound peers...
3728: 23:03:35.526 - Shutting down ENet host...
3728: 23:03:35.526 - Disconnecting all peers...
3728: 23:03:35.526 - Shutting down socket servers...
3728: 23:03:35.526 - Shutting down ENet thread pool...
3728: 23:03:35.526 - Shutting down TCP inactivity timers...
3728: 23:03:35.526 - WaitingForShutdownToComplete: NativePolicy:0.0.0.0:843
3728: 23:03:35.526 - OnShutdownCompleted: NativePolicy:0.0.0.0:843
3728: 23:03:35.526 - WaitingForShutdownToComplete: NativePolicy:0.0.0.0:943
3728: 23:03:35.526 - OnShutdownCompleted: NativePolicy:0.0.0.0:943
3728: 23:03:35.526 - WaitingForShutdownToComplete: TCP:0.0.0.0:4530
3728: 23:03:35.526 - OnShutdownCompleted: TCP:0.0.0.0:4530
3728: 23:03:35.526 - WaitingForShutdownToComplete: UDP:127.0.0.1:5055
3728: 23:03:35.526 - OnShutdownCompleted: UDP:127.0.0.1:5055
3728: 23:03:35.526 - WaitingForShutdownToComplete: UDP:192.168.1.3:5055
3728: 23:03:35.526 - OnShutdownCompleted: UDP:192.168.1.3:5055
3728: 23:03:35.526 - WaitingForShutdownToComplete: WebSocket:0.0.0.0:9090
3728: 23:03:35.526 - OnShutdownCompleted: WebSocket:0.0.0.0:9090
3728: 23:03:35.526 - Shutting down CLR applications...
3728: 23:03:40.565 - ATServer:6 - Stop() failed.
Exception:
System.NotImplementedException: The method or operation is not implemented.
   at ATServer.PhotonServer.TearDown() in c:\Users\Tim\Downloads\PhotonServer\src-server\ATServer\ATServer\PhotonServer.cs:line 36
   at Photon.SocketServer.ApplicationBase.PhotonHostRuntimeInterfaces.IPhotonControl.OnStop() in h:\svncontent\photon-socketserver-sdk_3.4\src\Photon.SocketServer\ApplicationBase.cs:line 1130
   at PhotonHostRuntime.PhotonDomainManager.PhotonPlainAppDomainBehavior.Stop()
   at PhotonHostRuntime.PhotonDomainManager.Stop()
3728: 23:03:40.674 - Shutting down business logic thread pool...
3728: 23:03:40.674 - Shutting down I/O thread pool...
3728: 23:03:40.674 - Destroying servers
3728: 23:03:40.674 - Destroying WebSocket Outbound Connection Manager
3728: 23:03:40.674 - Destroying TCP Outbound Connection Manager
3728: 23:03:40.674 - Destroying TCP inactivity timer
3728: 23:03:40.674 - Destroying ENet timer wheel
4376: 23:03:40.690 - CManagedHost::OnDefaultAction() - OPR_AppDomainUnload - eUnloadAppDomain
3728: 23:03:40.706 - Destroying ENet host
3728: 23:03:40.706 - Destroying ENet outbound host
3728: 23:03:40.706 - Destroying HTTP inactivity timer
3728: 23:03:40.706 - Destroying HTTP host
3728: 23:03:40.706 - Flushing ENET buffer allocator...
3728: 23:03:40.706 - Flushing TCP buffer handle allocator...
3728: 23:03:40.706 - Flushing stream socket allocator...
3728: 23:03:40.706 - Flushing inbound datagram socket allocator...
3728: 23:03:40.706 - Flushing outbound datagram socket allocator...
3728: 23:03:40.706 - Destroying CLR dispatcher
3728: 23:03:40.706 - Destroying CLR applications
3728: 23:03:40.846 - ~CCLRApplicationCollection() - Waiting up to 10 seconds for the CLR to release all of our objects
4368: 23:03:41.392 - Unloading Domain: ApplicationName = 'CounterPublisher', DomainId='5'
4376: 23:03:42.359 - CManagedHost::OnDomainUnload() - 5
