2696: 09:48:16.757 - ---
2696: 09:48:16.757 - Service: "Photon Socket Server" starting
2696: 09:48:16.757 - Config File: C:\Users\Tim\Downloads\PhotonServer\deploy\bin_Win64\PhotonServer.config
2696: 09:48:16.757 - Will produce at most: 10 crash dumps
2696: 09:48:16.757 - Action: run as service
3316: 09:48:17.115 - Server Starting...
3316: 09:48:17.849 -    Tick count: 124956 (wraps in: 49.7088 days)
3316: 09:48:17.849 - Tick count 64: 125690
3316: 09:48:17.849 - Photon Version: 3.4.5.2597
3316: 09:48:17.849 - PID: 2040
3316: 09:48:18.036 - Current directory is: C:\Windows\system32
3316: 09:48:18.036 - Changing current directory to: C:\Users\Tim\Downloads\PhotonServer\deploy\bin_Win64
3316: 09:48:18.036 - Config File: C:\Users\Tim\Downloads\PhotonServer\deploy\bin_Win64\PhotonServer.config
3316: 09:48:18.582 - Will NOT log unimportant exceptions
3316: 09:48:21.109 - Not using performance counters as they are not currently installed. Run the service with /InstallCounters to install them.
3316: 09:48:21.140 - Shutdown timeout enabled: 30000ms
3316: 09:48:23.496 - Starting I/O thread pool with 2 threads
3316: 09:48:23.995 - Using Standard allocator
3316: 09:48:24.026 - Max message size: 512000
3316: 09:48:24.635 - Starting business logic thread pool with the following settings
3316: 09:48:24.635 - InitialThreads: 4 threads
3316: 09:48:24.635 - MinThreads: 4 threads
3316: 09:48:24.635 - Thread pool is fixed size
3316: 09:48:24.635 - Starting ENet thread pool with the following settings
3316: 09:48:24.635 - InitialThreads: 2 threads
3316: 09:48:24.635 - MinThreads: 2 threads
3316: 09:48:24.635 - Thread pool is fixed size
3316: 09:48:24.635 - OnlyDispatchTimers: False
3316: 09:48:24.635 - S2S: flow control: Max pending writes: 50
3316: 09:48:24.635 - S2S: flow control: Max queued buffers: 200
3316: 09:48:24.666 - S2S: flow control: Max pending writes MUX: 500
3316: 09:48:24.666 - S2S: flow control: Max queued buffers MUX: 2000
3316: 09:48:24.666 - S2S: MaxInboundMessageSize: 512000
3316: 09:48:24.666 - S2S: MaxOutboundMessageSize: 512000
3316: 09:48:24.666 - S2S: No inactivity timeout
3316: 09:48:27.723 - WebSocket S2S: MaxInboundMessageSize: 512000
3316: 09:48:27.723 - WebSocket S2S: MaxOutboundMessageSize: 512000
3316: 09:48:27.723 - WebSocket S2S: No inactivity timeout
3316: 09:48:28.176 - Max Reliable Data In Transit (awaiting ACKs) per peer : 51200 bytes
3316: 09:48:28.176 - Per peer bandwidth limit
3316: 09:48:28.176 - Transmit Rate Limit: 256 KB/Sec
3316: 09:48:28.176 - Limit period: 200ms
3316: 09:48:28.176 - Limit per period: 52428 bytes
3316: 09:48:28.176 - Max queued data for transmission per peer: 512000 bytes
3316: 09:48:28.176 - Minimum retransmit timeout: 200
3316: 09:48:28.176 - Minimum ENet timeout: 5000ms
3316: 09:48:28.176 - Maximum ENet timeout: 30000ms
3316: 09:48:28.176 - Max Inbound Reliable Data Queued (awaiting resends of earlier sequence numbers) per peer : 163840 bytes
3316: 09:48:28.176 - Outbound ENet: MaxInboundMessageSize: 512000
3316: 09:48:28.176 - Outbound ENet: MaxOutboundMessageSize: 512000
3316: 09:48:30.972 - GetRuntime - About to load CLR - versions available:
3316: 09:48:30.972 - v2.0.50727
3316: 09:48:30.972 - v4.0.30319
3316: 09:48:30.972 - Configuration requests: "v2.0.50727"
3316: 09:48:30.972 - About to load version: "v2.0.50727"
3316: 09:48:39.181 - About to load runtime: PhotonHostRuntime.PhotonDomainManager from PhotonHostRuntime, Culture=neutral, PublicKeyToken=02C301B61B060C4D
3316: 09:48:39.181 - CLRBaseDirectory set to "C:\Users\Tim\Downloads\PhotonServer\deploy"
3316: 09:48:39.181 - Optimising event broadcast for 20 or more peers
3316: 09:48:39.298 - Start: About to load CLR - versions available:
3316: 09:48:39.298 - v2.0.50727
3316: 09:48:39.298 - v4.0.30319
3316: 09:48:39.298 - No preference in configuration file, will load latest.
3316: 09:48:39.298 - About to load version: "v4.0.30319"
3316: 09:48:39.344 - Loaded version: "v4.0.30319"
3316: 09:49:20.339 - Photon host runtime loaded
3316: 09:49:36.917 - License is valid.
3316: 09:49:36.917 - Licensed for 100 concurrent connections.
3316: 09:49:36.917 - ENet: Max Reliable Data In Transit (awaiting ACKs) per peer : 51200 bytes
3316: 09:49:36.917 - ENet: Per peer bandwidth limit
3316: 09:49:36.917 - ENet: Transmit Rate Limit: 256 KB/Sec
3316: 09:49:36.917 - ENet: Limit period: 200ms
3316: 09:49:36.917 - ENet: Limit per period: 52428 bytes
3316: 09:49:36.917 - ENet: Max queued data for transmission per peer: 512000 bytes
3316: 09:49:36.917 - ENet: Minimum retransmit timeout: 200
3316: 09:49:36.917 - ENet: Minimum timeout: 5000ms
3316: 09:49:36.917 - ENet: Maximum timeout: 30000ms
3316: 09:49:36.917 - ENet: Max Inbound Reliable Data Queued (awaiting resends of earlier sequence numbers) per peer : 163840 bytes
3316: 09:49:36.917 - About to load application: Lite from Lite
3316: 09:49:36.917 - Auto restart is enabled for application, existing connections will be terminated during restart
3316: 09:49:36.917 - Application will restart 1000ms after the last change detected
3316: 09:49:36.917 - Application will restart if files matching the following are changed: "dll;config"
3316: 09:49:36.917 - Application will NOT restart if files matching the following are changed: "log4net.config"
3316: 09:49:40.381 - Taking reference on default app domain
3316: 09:49:42.409 - Application: "Lite" started in app domain: 2
3316: 09:49:42.409 - About to load application: LiteLobby from LiteLobby
3316: 09:49:42.409 - Auto restart is enabled for application, existing connections will be terminated during restart
3316: 09:49:42.409 - Application will restart 1000ms after the last change detected
3316: 09:49:42.409 - Application will restart if files matching the following are changed: "dll;config"
3316: 09:49:42.409 - Application will NOT restart if files matching the following are changed: "log4net.config"
3316: 09:49:43.376 - Taking reference on default app domain
3316: 09:49:44.671 - Application: "LiteLobby" started in app domain: 3
3316: 09:49:44.671 - About to load application: MmoDemo from Photon.MmoDemo.Server
3316: 09:49:44.671 - Auto restart is enabled for application, existing connections will be terminated during restart
3316: 09:49:44.671 - Application will restart 1000ms after the last change detected
3316: 09:49:44.671 - Application will restart if files matching the following are changed: "dll;config"
3316: 09:49:44.671 - Application will NOT restart if files matching the following are changed: "log4net.config"
3316: 09:49:45.576 - Taking reference on default app domain
3316: 09:49:46.496 - Application: "MmoDemo" started in app domain: 4
3316: 09:49:46.496 - About to load application: CounterPublisher from CounterPublisher
3316: 09:49:46.496 - Auto restart is enabled for application, existing connections will be terminated during restart
3316: 09:49:46.496 - Application will restart 1000ms after the last change detected
3316: 09:49:46.496 - Application will restart if files matching the following are changed: "dll;config"
3316: 09:49:46.496 - Application will NOT restart if files matching the following are changed: "log4net.config"
3316: 09:49:47.572 - Taking reference on default app domain
3316: 09:49:48.945 - Application: "CounterPublisher" started in app domain: 5
3316: 09:49:48.945 - About to load application: ATServer from ATServer
3316: 09:49:48.945 - Auto restart is enabled for application, existing connections will be terminated during restart
3316: 09:49:48.945 - Application will restart 1000ms after the last change detected
3316: 09:49:48.945 - Application will restart if files matching the following are changed: "dll;config"
3316: 09:49:48.945 - Application will NOT restart if files matching the following are changed: "log4net.config"
3316: 09:49:50.334 - Taking reference on default app domain
3316: 09:49:51.894 - Application: "ATServer" started in app domain: 6
3316: 09:49:51.909 - Adding TCP listener on :0.0.0.0: 4530 with a listen backlog of: 150
3316: 09:49:51.909 - TCP inactivity timeout: 10000ms
3316: 09:49:51.909 - TCP disconnect timeout: 120000ms
3316: 09:49:51.909 - MaxInboundMessageSize: 512000
3316: 09:49:51.909 - MaxOutboundMessageSize: 512000
3316: 09:49:52.112 - Serving policy file requests from: "C:\Users\Tim\Downloads\PhotonServer\deploy\Policy\assets\socket-policy.xml"
3316: 09:49:52.159 - MaxInboundMessageSize: 512000
3316: 09:49:52.159 - MaxOutboundMessageSize: 512000
3316: 09:49:52.159 - UDP address specified as:0.0.0.0 adding listener to each available IPv4 address
3316: 09:49:52.159 - Adding UDP listener on :192.168.1.3: 5055 with a listen backlog of: 500
3316: 09:49:52.159 - Adding UDP listener on :127.0.0.1: 5055 with a listen backlog of: 500
3316: 09:49:52.159 - Adding WebSocket TCP listener on :0.0.0.0: 9090 with a listen backlog of: 150
3316: 09:49:52.159 - Nagle disabled
3316: 09:49:52.159 - TCP inactivity timeout: 10000ms
3316: 09:49:52.159 - MaxInboundMessageSize: 512000
3316: 09:49:52.159 - MaxOutboundMessageSize: 512000
3316: 09:49:52.159 - Forcing all applications ids to: "Lite"
3316: 09:49:52.159 - Will accept ANY sub-protocols from the client
3316: 09:49:52.159 - No automatic WebSocket ping
3316: 09:49:52.268 - Adding Policy File listener on :0.0.0.0: 843 with a listen backlog of: 150 and serving Policy File: "C:\Users\Tim\Downloads\PhotonServer\deploy\Policy\assets\socket-policy.xml"
3316: 09:49:52.268 - TCP inactivity timeout: 10000ms
3316: 09:49:52.268 - Adding Policy File listener on :0.0.0.0: 943 with a listen backlog of: 150 and serving Policy File: "C:\Users\Tim\Downloads\PhotonServer\deploy\Policy\assets\socket-policy-silverlight.xml"
3316: 09:49:52.268 - TCP inactivity timeout: 10000ms
3316: 09:49:52.440 - Service is running...
4444: 18:47:37.109 - Restarting application: "ATServer" due to file changes
4444: 18:47:37.109 - Application: "ATServer" restart request (abort existing connections)
4444: 18:47:37.384 - Taking reference on default app domain
4444: 18:47:37.556 - Application: "ATServer" started in app domain: 7
4444: 18:47:37.723 - RequestApplicationStop: 6
4444: 18:47:38.131 - ATServer:6 - Stop() failed.
Exception:
System.NotImplementedException: The method or operation is not implemented.
   at ATServer.PhotonServer.TearDown() in c:\Users\Tim\Downloads\PhotonServer\src-server\ATServer\ATServer\PhotonServer.cs:line 36
   at Photon.SocketServer.ApplicationBase.PhotonHostRuntimeInterfaces.IPhotonControl.OnStop() in h:\svncontent\photon-socketserver-sdk_3.4\src\Photon.SocketServer\ApplicationBase.cs:line 1130
   at PhotonHostRuntime.PhotonDomainManager.PhotonPlainAppDomainBehavior.Stop()
   at PhotonHostRuntime.PhotonDomainManager.Stop()
4444: 18:47:38.200 - Application: "ATServer" stopped in app domain: 6 (abort existing connections)
4444: 18:47:38.200 - Application: "ATServer" restart complete.
4444: 18:49:01.989 - Restarting application: "ATServer" due to file changes
4444: 18:49:01.989 - Application: "ATServer" restart request (abort existing connections)
4444: 18:49:02.095 - Taking reference on default app domain
4444: 18:49:02.229 - Application: "ATServer" started in app domain: 8
4444: 18:49:02.377 - RequestApplicationStop: 7
4444: 18:49:02.386 - ATServer:7 - Stop() failed.
Exception:
System.NotImplementedException: The method or operation is not implemented.
   at ATServer.PhotonServer.TearDown()
   at Photon.SocketServer.ApplicationBase.PhotonHostRuntimeInterfaces.IPhotonControl.OnStop() in h:\svncontent\photon-socketserver-sdk_3.4\src\Photon.SocketServer\ApplicationBase.cs:line 1130
   at PhotonHostRuntime.PhotonDomainManager.PhotonPlainAppDomainBehavior.Stop()
   at PhotonHostRuntime.PhotonDomainManager.Stop()
4444: 18:49:02.386 - Application: "ATServer" stopped in app domain: 7 (abort existing connections)
4444: 18:49:02.386 - Application: "ATServer" restart complete.
4444: 18:49:25.452 - Restarting application: "ATServer" due to file changes
4444: 18:49:25.452 - Application: "ATServer" restart request (abort existing connections)
4444: 18:49:25.532 - Taking reference on default app domain
4444: 18:49:25.591 - Application: "ATServer" started in app domain: 9
4444: 18:49:25.729 - RequestApplicationStop: 8
4444: 18:49:25.737 - ATServer:8 - Stop() failed.
Exception:
System.NotImplementedException: The method or operation is not implemented.
   at ATServer.PhotonServer.TearDown()
   at Photon.SocketServer.ApplicationBase.PhotonHostRuntimeInterfaces.IPhotonControl.OnStop() in h:\svncontent\photon-socketserver-sdk_3.4\src\Photon.SocketServer\ApplicationBase.cs:line 1130
   at PhotonHostRuntime.PhotonDomainManager.PhotonPlainAppDomainBehavior.Stop()
   at PhotonHostRuntime.PhotonDomainManager.Stop()
4444: 18:49:25.738 - Application: "ATServer" stopped in app domain: 8 (abort existing connections)
4444: 18:49:25.738 - Application: "ATServer" restart complete.
4444: 18:51:53.185 - Restarting application: "ATServer" due to file changes
4444: 18:51:53.185 - Application: "ATServer" restart request (abort existing connections)
4444: 18:51:53.256 - Taking reference on default app domain
4444: 18:51:53.315 - Application: "ATServer" started in app domain: 10
4444: 18:51:53.450 - RequestApplicationStop: 9
4444: 18:51:53.458 - ATServer:9 - Stop() failed.
Exception:
System.NotImplementedException: The method or operation is not implemented.
   at ATServer.PhotonServer.TearDown()
   at Photon.SocketServer.ApplicationBase.PhotonHostRuntimeInterfaces.IPhotonControl.OnStop() in h:\svncontent\photon-socketserver-sdk_3.4\src\Photon.SocketServer\ApplicationBase.cs:line 1130
   at PhotonHostRuntime.PhotonDomainManager.PhotonPlainAppDomainBehavior.Stop()
   at PhotonHostRuntime.PhotonDomainManager.Stop()
4444: 18:51:53.458 - Application: "ATServer" stopped in app domain: 9 (abort existing connections)
4444: 18:51:53.458 - Application: "ATServer" restart complete.
4444: 18:53:11.876 - Restarting application: "ATServer" due to file changes
4444: 18:53:11.876 - Application: "ATServer" restart request (abort existing connections)
4444: 18:53:11.976 - Taking reference on default app domain
4444: 18:53:12.036 - Application: "ATServer" started in app domain: 11
4444: 18:53:12.166 - RequestApplicationStop: 10
4444: 18:53:12.176 - ATServer:10 - Stop() failed.
Exception:
System.NotImplementedException: The method or operation is not implemented.
   at ATServer.PhotonServer.TearDown()
   at Photon.SocketServer.ApplicationBase.PhotonHostRuntimeInterfaces.IPhotonControl.OnStop() in h:\svncontent\photon-socketserver-sdk_3.4\src\Photon.SocketServer\ApplicationBase.cs:line 1130
   at PhotonHostRuntime.PhotonDomainManager.PhotonPlainAppDomainBehavior.Stop()
   at PhotonHostRuntime.PhotonDomainManager.Stop()
4444: 18:53:12.176 - Application: "ATServer" stopped in app domain: 10 (abort existing connections)
4444: 18:53:12.176 - Application: "ATServer" restart complete.
4444: 18:53:25.895 - Restarting application: "ATServer" due to file changes
4444: 18:53:25.895 - Application: "ATServer" restart request (abort existing connections)
4444: 18:53:25.958 - Failed to restart application: CManagedHost::CreateApplicationInNewAppDomain() - Failed to create new application domain for : "ATServer" - Can't find ATServer.dll in C:\Users\Tim\Downloads\PhotonServer\deploy\ATServer\bin or C:\Users\Tim\Downloads\PhotonServer\deploy\ATServer\bin
4444: 18:53:30.611 - Restarting application: "ATServer" due to file changes
4444: 18:53:30.611 - Application: "ATServer" restart request (abort existing connections)
4444: 18:53:30.691 - Taking reference on default app domain
4444: 18:53:30.751 - Application: "ATServer" started in app domain: 12
4444: 18:53:30.891 - RequestApplicationStop: 11
4444: 18:53:30.901 - ATServer:11 - Stop() failed.
Exception:
System.NotImplementedException: The method or operation is not implemented.
   at ATServer.PhotonServer.TearDown()
   at Photon.SocketServer.ApplicationBase.PhotonHostRuntimeInterfaces.IPhotonControl.OnStop() in h:\svncontent\photon-socketserver-sdk_3.4\src\Photon.SocketServer\ApplicationBase.cs:line 1130
   at PhotonHostRuntime.PhotonDomainManager.PhotonPlainAppDomainBehavior.Stop()
   at PhotonHostRuntime.PhotonDomainManager.Stop()
4444: 18:53:30.901 - Application: "ATServer" stopped in app domain: 11 (abort existing connections)
4444: 18:53:30.901 - Application: "ATServer" restart complete.
4444: 18:53:44.293 - Restarting application: "ATServer" due to file changes
4444: 18:53:44.293 - Application: "ATServer" restart request (abort existing connections)
4444: 18:53:44.383 - Taking reference on default app domain
4444: 18:53:44.443 - Application: "ATServer" started in app domain: 13
4444: 18:53:44.583 - RequestApplicationStop: 12
4444: 18:53:44.583 - ATServer:12 - Stop() failed.
Exception:
System.NotImplementedException: The method or operation is not implemented.
   at ATServer.PhotonServer.TearDown()
   at Photon.SocketServer.ApplicationBase.PhotonHostRuntimeInterfaces.IPhotonControl.OnStop() in h:\svncontent\photon-socketserver-sdk_3.4\src\Photon.SocketServer\ApplicationBase.cs:line 1130
   at PhotonHostRuntime.PhotonDomainManager.PhotonPlainAppDomainBehavior.Stop()
   at PhotonHostRuntime.PhotonDomainManager.Stop()
4444: 18:53:44.583 - Application: "ATServer" stopped in app domain: 12 (abort existing connections)
4444: 18:53:44.583 - Application: "ATServer" restart complete.
4444: 18:55:19.200 - Restarting application: "ATServer" due to file changes
4444: 18:55:19.200 - Application: "ATServer" restart request (abort existing connections)
4444: 18:55:19.313 - Taking reference on default app domain
4444: 18:55:19.374 - Application: "ATServer" started in app domain: 14
4444: 18:55:19.510 - RequestApplicationStop: 13
4444: 18:55:19.519 - ATServer:13 - Stop() failed.
Exception:
System.NotImplementedException: The method or operation is not implemented.
   at ATServer.PhotonServer.TearDown()
   at Photon.SocketServer.ApplicationBase.PhotonHostRuntimeInterfaces.IPhotonControl.OnStop() in h:\svncontent\photon-socketserver-sdk_3.4\src\Photon.SocketServer\ApplicationBase.cs:line 1130
   at PhotonHostRuntime.PhotonDomainManager.PhotonPlainAppDomainBehavior.Stop()
   at PhotonHostRuntime.PhotonDomainManager.Stop()
4444: 18:55:19.519 - Application: "ATServer" stopped in app domain: 13 (abort existing connections)
4444: 18:55:19.519 - Application: "ATServer" restart complete.
4444: 18:55:41.305 - Restarting application: "ATServer" due to file changes
4444: 18:55:41.305 - Application: "ATServer" restart request (abort existing connections)
4444: 18:55:41.375 - Taking reference on default app domain
4444: 18:55:41.437 - Application: "ATServer" started in app domain: 15
4444: 18:55:41.572 - RequestApplicationStop: 14
4444: 18:55:41.581 - ATServer:14 - Stop() failed.
Exception:
System.NotImplementedException: The method or operation is not implemented.
   at ATServer.PhotonServer.TearDown()
   at Photon.SocketServer.ApplicationBase.PhotonHostRuntimeInterfaces.IPhotonControl.OnStop() in h:\svncontent\photon-socketserver-sdk_3.4\src\Photon.SocketServer\ApplicationBase.cs:line 1130
   at PhotonHostRuntime.PhotonDomainManager.PhotonPlainAppDomainBehavior.Stop()
   at PhotonHostRuntime.PhotonDomainManager.Stop()
4444: 18:55:41.581 - Application: "ATServer" stopped in app domain: 14 (abort existing connections)
4444: 18:55:41.581 - Application: "ATServer" restart complete.
4444: 18:56:07.949 - Restarting application: "ATServer" due to file changes
4444: 18:56:07.949 - Application: "ATServer" restart request (abort existing connections)
4444: 18:56:07.949 - Failed to restart application: CManagedHost::CreateApplicationInNewAppDomain() - Failed to create new application domain for : "ATServer" - Can't find ATServer.dll in C:\Users\Tim\Downloads\PhotonServer\deploy\ATServer\bin or C:\Users\Tim\Downloads\PhotonServer\deploy\ATServer\bin
4444: 18:56:28.261 - Restarting application: "ATServer" due to file changes
4444: 18:56:28.261 - Application: "ATServer" restart request (abort existing connections)
4444: 18:56:28.347 - Taking reference on default app domain
4444: 18:56:28.434 - Application: "ATServer" started in app domain: 16
4444: 18:56:28.570 - RequestApplicationStop: 15
4444: 18:56:28.578 - ATServer:15 - Stop() failed.
Exception:
System.NotImplementedException: The method or operation is not implemented.
   at ATServer.PhotonServer.TearDown()
   at Photon.SocketServer.ApplicationBase.PhotonHostRuntimeInterfaces.IPhotonControl.OnStop() in h:\svncontent\photon-socketserver-sdk_3.4\src\Photon.SocketServer\ApplicationBase.cs:line 1130
   at PhotonHostRuntime.PhotonDomainManager.PhotonPlainAppDomainBehavior.Stop()
   at PhotonHostRuntime.PhotonDomainManager.Stop()
4444: 18:56:28.578 - Application: "ATServer" stopped in app domain: 15 (abort existing connections)
4444: 18:56:28.578 - Application: "ATServer" restart complete.
4444: 18:56:35.344 - Restarting application: "ATServer" due to file changes
4444: 18:56:35.344 - Application: "ATServer" restart request (abort existing connections)
4444: 18:56:35.435 - Taking reference on default app domain
4444: 18:56:35.498 - Application: "ATServer" started in app domain: 17
4444: 18:56:35.636 - RequestApplicationStop: 16
4444: 18:56:35.645 - ATServer:16 - Stop() failed.
Exception:
System.NotImplementedException: The method or operation is not implemented.
   at ATServer.PhotonServer.TearDown()
   at Photon.SocketServer.ApplicationBase.PhotonHostRuntimeInterfaces.IPhotonControl.OnStop() in h:\svncontent\photon-socketserver-sdk_3.4\src\Photon.SocketServer\ApplicationBase.cs:line 1130
   at PhotonHostRuntime.PhotonDomainManager.PhotonPlainAppDomainBehavior.Stop()
   at PhotonHostRuntime.PhotonDomainManager.Stop()
4444: 18:56:35.645 - Application: "ATServer" stopped in app domain: 16 (abort existing connections)
4444: 18:56:35.645 - Application: "ATServer" restart complete.
