3872: 00:52:49.645 - Service is stopped...
3872: 00:52:50.144 - Server shutting down...
3872: 00:52:50.144 - Shutdown monitoring enabled, 30000ms before process abort
3872: 00:52:50.300 - Notifying CLR applications of shutdown...
3872: 00:52:50.300 - RequestApplicationStop: 6
3872: 00:52:52.375 - RequestApplicationStop: 5
3872: 00:52:52.375 - RequestApplicationStop: 2
3872: 00:52:52.391 - RequestApplicationStop: 3
3872: 00:52:52.391 - RequestApplicationStop: 4
3872: 00:52:52.391 - RequestStop: defalt app domain
3872: 00:52:52.391 - Shutting down WebSocket Outbound Connection Manager...
3872: 00:52:52.406 - Shutting down TCP Outbound Connection Manager...
3872: 00:52:52.422 - Shutting down ENet Outbound Connection Manager...
3872: 00:52:52.438 - Disconnecting all outbound peers...
3872: 00:52:52.453 - Shutting down ENet host...
3872: 00:52:52.453 - Disconnecting all peers...
3872: 00:52:52.453 - Shutting down socket servers...
3872: 00:52:52.453 - Shutting down ENet thread pool...
3872: 00:52:52.453 - Shutting down TCP inactivity timers...
3872: 00:52:52.453 - WaitingForShutdownToComplete: NativePolicy:0.0.0.0:843
3872: 00:52:52.453 - OnShutdownCompleted: NativePolicy:0.0.0.0:843
3872: 00:52:52.453 - WaitingForShutdownToComplete: NativePolicy:0.0.0.0:943
3872: 00:52:52.453 - OnShutdownCompleted: NativePolicy:0.0.0.0:943
3872: 00:52:52.453 - WaitingForShutdownToComplete: TCP:0.0.0.0:4530
3872: 00:52:52.453 - OnShutdownCompleted: TCP:0.0.0.0:4530
3872: 00:52:52.453 - WaitingForShutdownToComplete: UDP:127.0.0.1:5055
3872: 00:52:52.453 - OnShutdownCompleted: UDP:127.0.0.1:5055
3872: 00:52:52.453 - WaitingForShutdownToComplete: UDP:192.168.1.3:5055
3872: 00:52:52.453 - OnShutdownCompleted: UDP:192.168.1.3:5055
3872: 00:52:52.453 - WaitingForShutdownToComplete: WebSocket:0.0.0.0:9090
3872: 00:52:52.453 - OnShutdownCompleted: WebSocket:0.0.0.0:9090
3872: 00:52:52.453 - Shutting down CLR applications...
3872: 00:52:52.609 - ATServer:6 - Stop() failed.
Exception:
System.NotImplementedException: The method or operation is not implemented.
   at ATServer.PhotonServer.TearDown() in c:\Users\Tim\Downloads\PhotonServer\src-server\ATServer\ATServer\PhotonServer.cs:line 36
   at Photon.SocketServer.ApplicationBase.PhotonHostRuntimeInterfaces.IPhotonControl.OnStop() in h:\svncontent\photon-socketserver-sdk_3.4\src\Photon.SocketServer\ApplicationBase.cs:line 1130
   at PhotonHostRuntime.PhotonDomainManager.PhotonPlainAppDomainBehavior.Stop()
   at PhotonHostRuntime.PhotonDomainManager.Stop()
3872: 00:52:52.640 - Shutting down business logic thread pool...
3872: 00:52:52.640 - Shutting down I/O thread pool...
3872: 00:52:52.640 - Destroying servers
3872: 00:52:52.640 - Destroying WebSocket Outbound Connection Manager
3872: 00:52:52.640 - Destroying TCP Outbound Connection Manager
3872: 00:52:52.640 - Destroying TCP inactivity timer
3872: 00:52:52.640 - Destroying ENet timer wheel
4688: 00:52:52.640 - CManagedHost::OnDefaultAction() - OPR_AppDomainUnload - eUnloadAppDomain
4680: 00:52:52.656 - Unloading Domain: ApplicationName = 'CounterPublisher', DomainId='5'
3872: 00:52:52.672 - Destroying ENet host
3872: 00:52:52.672 - Destroying ENet outbound host
3872: 00:52:52.672 - Destroying HTTP inactivity timer
3872: 00:52:52.672 - Destroying HTTP host
3872: 00:52:52.672 - Flushing ENET buffer allocator...
3872: 00:52:52.672 - Flushing TCP buffer handle allocator...
3872: 00:52:52.672 - Flushing stream socket allocator...
3872: 00:52:52.672 - Flushing inbound datagram socket allocator...
3872: 00:52:52.672 - Flushing outbound datagram socket allocator...
3872: 00:52:52.672 - Destroying CLR dispatcher
3872: 00:52:52.672 - Destroying CLR applications
4688: 00:52:52.672 - CManagedHost::OnDomainUnload() - 5
3872: 00:52:52.859 - ~CCLRApplicationCollection() - Waiting up to 10 seconds for the CLR to release all of our objects
4688: 00:52:52.952 - CManagedHost::OnDefaultAction() - OPR_AppDomainUnload - eUnloadAppDomain
4680: 00:52:52.968 - Unloading Domain: ApplicationName = 'Lite', DomainId='2'
4688: 00:52:52.968 - CManagedHost::OnDomainUnload() - 2
4688: 00:52:52.999 - CManagedHost::OnDefaultAction() - OPR_AppDomainUnload - eUnloadAppDomain
4680: 00:52:53.015 - Unloading Domain: ApplicationName = 'LiteLobby', DomainId='3'
4688: 00:52:53.015 - CManagedHost::OnDomainUnload() - 3
4688: 00:52:53.046 - CManagedHost::OnDefaultAction() - OPR_AppDomainUnload - eUnloadAppDomain
4680: 00:52:53.062 - Unloading Domain: ApplicationName = 'MmoDemo', DomainId='4'
4688: 00:52:53.062 - CManagedHost::OnDomainUnload() - 4
4104: 09:58:32.576 - ---
4104: 09:58:32.576 - Service: "Photon Socket Server" starting
4104: 09:58:32.576 - Config File: C:\Users\Tim\Downloads\PhotonServer\deploy\bin_Win64\PhotonServer.config
4104: 09:58:32.639 - Will produce at most: 10 crash dumps
4104: 09:58:32.639 - Action: run as service
4240: 09:58:32.686 - Server Starting...
4240: 09:58:32.686 -    Tick count: 117515 (wraps in: 49.7089 days)
4240: 09:58:32.686 - Tick count 64: 117515
4240: 09:58:32.686 - Photon Version: 3.4.5.2597
4240: 09:58:32.686 - PID: 4100
4240: 09:58:32.701 - Current directory is: C:\Windows\system32
4240: 09:58:32.701 - Changing current directory to: C:\Users\Tim\Downloads\PhotonServer\deploy\bin_Win64
4240: 09:58:32.701 - Config File: C:\Users\Tim\Downloads\PhotonServer\deploy\bin_Win64\PhotonServer.config
4240: 09:58:32.717 - Will NOT log unimportant exceptions
4240: 09:58:33.481 - Not using performance counters as they are not currently installed. Run the service with /InstallCounters to install them.
4240: 09:58:33.590 - Shutdown timeout enabled: 30000ms
4240: 09:58:33.715 - Starting I/O thread pool with 2 threads
4240: 09:58:33.746 - Using Standard allocator
4240: 09:58:33.746 - Max message size: 512000
4240: 09:58:33.824 - Starting business logic thread pool with the following settings
4240: 09:58:33.824 - InitialThreads: 4 threads
4240: 09:58:33.824 - MinThreads: 4 threads
4240: 09:58:33.824 - Thread pool is fixed size
4240: 09:58:33.824 - Starting ENet thread pool with the following settings
4240: 09:58:33.824 - InitialThreads: 2 threads
4240: 09:58:33.824 - MinThreads: 2 threads
4240: 09:58:33.824 - Thread pool is fixed size
4240: 09:58:33.824 - OnlyDispatchTimers: False
4240: 09:58:33.824 - S2S: flow control: Max pending writes: 50
4240: 09:58:33.824 - S2S: flow control: Max queued buffers: 200
4240: 09:58:33.934 - S2S: flow control: Max pending writes MUX: 500
4240: 09:58:33.934 - S2S: flow control: Max queued buffers MUX: 2000
4240: 09:58:33.934 - S2S: MaxInboundMessageSize: 512000
4240: 09:58:33.934 - S2S: MaxOutboundMessageSize: 512000
4240: 09:58:33.934 - S2S: No inactivity timeout
4240: 09:58:34.152 - WebSocket S2S: MaxInboundMessageSize: 512000
4240: 09:58:34.152 - WebSocket S2S: MaxOutboundMessageSize: 512000
4240: 09:58:34.152 - WebSocket S2S: No inactivity timeout
4240: 09:58:34.214 - Max Reliable Data In Transit (awaiting ACKs) per peer : 51200 bytes
4240: 09:58:34.214 - Per peer bandwidth limit
4240: 09:58:34.214 - Transmit Rate Limit: 256 KB/Sec
4240: 09:58:34.214 - Limit period: 200ms
4240: 09:58:34.214 - Limit per period: 52428 bytes
4240: 09:58:34.214 - Max queued data for transmission per peer: 512000 bytes
4240: 09:58:34.214 - Minimum retransmit timeout: 200
4240: 09:58:34.214 - Minimum ENet timeout: 5000ms
4240: 09:58:34.214 - Maximum ENet timeout: 30000ms
4240: 09:58:34.214 - Max Inbound Reliable Data Queued (awaiting resends of earlier sequence numbers) per peer : 163840 bytes
4240: 09:58:34.214 - Outbound ENet: MaxInboundMessageSize: 512000
4240: 09:58:34.214 - Outbound ENet: MaxOutboundMessageSize: 512000
4240: 09:58:34.776 - GetRuntime - About to load CLR - versions available:
4240: 09:58:34.776 - v2.0.50727
4240: 09:58:34.776 - v4.0.30319
4240: 09:58:34.776 - Configuration requests: "v2.0.50727"
4240: 09:58:34.776 - About to load version: "v2.0.50727"
4240: 09:58:43.668 - About to load runtime: PhotonHostRuntime.PhotonDomainManager from PhotonHostRuntime, Culture=neutral, PublicKeyToken=02C301B61B060C4D
4240: 09:58:43.668 - CLRBaseDirectory set to "C:\Users\Tim\Downloads\PhotonServer\deploy"
4240: 09:58:43.668 - Optimising event broadcast for 20 or more peers
4240: 09:58:43.855 - Start: About to load CLR - versions available:
4240: 09:58:43.855 - v2.0.50727
4240: 09:58:43.855 - v4.0.30319
4240: 09:58:43.855 - No preference in configuration file, will load latest.
4240: 09:58:43.855 - About to load version: "v4.0.30319"
4240: 09:58:43.855 - Loaded version: "v4.0.30319"
4240: 09:59:16.116 - Photon host runtime loaded
4240: 09:59:38.377 - License is valid.
4240: 09:59:38.377 - Licensed for 100 concurrent connections.
4240: 09:59:38.377 - ENet: Max Reliable Data In Transit (awaiting ACKs) per peer : 51200 bytes
4240: 09:59:38.377 - ENet: Per peer bandwidth limit
4240: 09:59:38.377 - ENet: Transmit Rate Limit: 256 KB/Sec
4240: 09:59:38.377 - ENet: Limit period: 200ms
4240: 09:59:38.377 - ENet: Limit per period: 52428 bytes
4240: 09:59:38.377 - ENet: Max queued data for transmission per peer: 512000 bytes
4240: 09:59:38.377 - ENet: Minimum retransmit timeout: 200
4240: 09:59:38.377 - ENet: Minimum timeout: 5000ms
4240: 09:59:38.377 - ENet: Maximum timeout: 30000ms
4240: 09:59:38.377 - ENet: Max Inbound Reliable Data Queued (awaiting resends of earlier sequence numbers) per peer : 163840 bytes
4240: 09:59:38.377 - About to load application: Lite from Lite
4240: 09:59:38.377 - Auto restart is enabled for application, existing connections will be terminated during restart
4240: 09:59:38.377 - Application will restart 1000ms after the last change detected
4240: 09:59:38.377 - Application will restart if files matching the following are changed: "dll;config"
4240: 09:59:38.377 - Application will NOT restart if files matching the following are changed: "log4net.config"
4240: 09:59:39.859 - Taking reference on default app domain
4240: 09:59:40.702 - Application: "Lite" started in app domain: 2
4240: 09:59:40.702 - About to load application: LiteLobby from LiteLobby
4240: 09:59:40.702 - Auto restart is enabled for application, existing connections will be terminated during restart
4240: 09:59:40.702 - Application will restart 1000ms after the last change detected
4240: 09:59:40.702 - Application will restart if files matching the following are changed: "dll;config"
4240: 09:59:40.702 - Application will NOT restart if files matching the following are changed: "log4net.config"
4240: 09:59:41.154 - Taking reference on default app domain
4240: 09:59:41.872 - Application: "LiteLobby" started in app domain: 3
4240: 09:59:41.872 - About to load application: MmoDemo from Photon.MmoDemo.Server
4240: 09:59:41.872 - Auto restart is enabled for application, existing connections will be terminated during restart
4240: 09:59:41.872 - Application will restart 1000ms after the last change detected
4240: 09:59:41.872 - Application will restart if files matching the following are changed: "dll;config"
4240: 09:59:41.872 - Application will NOT restart if files matching the following are changed: "log4net.config"
4240: 09:59:42.589 - Taking reference on default app domain
4240: 09:59:43.229 - Application: "MmoDemo" started in app domain: 4
4240: 09:59:43.229 - About to load application: CounterPublisher from CounterPublisher
4240: 09:59:43.229 - Auto restart is enabled for application, existing connections will be terminated during restart
4240: 09:59:43.229 - Application will restart 1000ms after the last change detected
4240: 09:59:43.229 - Application will restart if files matching the following are changed: "dll;config"
4240: 09:59:43.229 - Application will NOT restart if files matching the following are changed: "log4net.config"
4240: 09:59:43.947 - Taking reference on default app domain
4240: 09:59:44.539 - Application: "CounterPublisher" started in app domain: 5
4240: 09:59:44.539 - About to load application: ATServer from ATServer
4240: 09:59:44.539 - Auto restart is enabled for application, existing connections will be terminated during restart
4240: 09:59:44.539 - Application will restart 1000ms after the last change detected
4240: 09:59:44.539 - Application will restart if files matching the following are changed: "dll;config"
4240: 09:59:44.539 - Application will NOT restart if files matching the following are changed: "log4net.config"
4240: 09:59:45.616 - Taking reference on default app domain
4240: 09:59:47.160 - Application: "ATServer" started in app domain: 6
4240: 09:59:47.160 - Adding TCP listener on :0.0.0.0: 4530 with a listen backlog of: 150
4240: 09:59:47.160 - TCP inactivity timeout: 10000ms
4240: 09:59:47.160 - TCP disconnect timeout: 120000ms
4240: 09:59:47.160 - MaxInboundMessageSize: 512000
4240: 09:59:47.160 - MaxOutboundMessageSize: 512000
4240: 09:59:47.269 - Serving policy file requests from: "C:\Users\Tim\Downloads\PhotonServer\deploy\Policy\assets\socket-policy.xml"
4240: 09:59:47.285 - MaxInboundMessageSize: 512000
4240: 09:59:47.285 - MaxOutboundMessageSize: 512000
4240: 09:59:47.285 - UDP address specified as:0.0.0.0 adding listener to each available IPv4 address
4240: 09:59:47.285 - Adding UDP listener on :192.168.1.3: 5055 with a listen backlog of: 500
4240: 09:59:47.285 - Adding UDP listener on :127.0.0.1: 5055 with a listen backlog of: 500
4240: 09:59:47.285 - Adding WebSocket TCP listener on :0.0.0.0: 9090 with a listen backlog of: 150
4240: 09:59:47.285 - Nagle disabled
4240: 09:59:47.285 - TCP inactivity timeout: 10000ms
4240: 09:59:47.285 - MaxInboundMessageSize: 512000
4240: 09:59:47.285 - MaxOutboundMessageSize: 512000
4240: 09:59:47.285 - Forcing all applications ids to: "Lite"
4240: 09:59:47.285 - Will accept ANY sub-protocols from the client
4240: 09:59:47.285 - No automatic WebSocket ping
4240: 09:59:47.332 - Adding Policy File listener on :0.0.0.0: 843 with a listen backlog of: 150 and serving Policy File: "C:\Users\Tim\Downloads\PhotonServer\deploy\Policy\assets\socket-policy.xml"
4240: 09:59:47.332 - TCP inactivity timeout: 10000ms
4240: 09:59:47.332 - Adding Policy File listener on :0.0.0.0: 943 with a listen backlog of: 150 and serving Policy File: "C:\Users\Tim\Downloads\PhotonServer\deploy\Policy\assets\socket-policy-silverlight.xml"
4240: 09:59:47.332 - TCP inactivity timeout: 10000ms
4240: 09:59:47.488 - Service is running...
4240: 19:02:29.817 - Service is stopped...
4240: 19:02:29.817 - Server shutting down...
4240: 19:02:29.817 - Shutdown monitoring enabled, 30000ms before process abort
4240: 19:02:30.082 - Notifying CLR applications of shutdown...
4240: 19:02:30.082 - RequestApplicationStop: 6
4240: 19:02:32.609 - RequestApplicationStop: 5
4240: 19:02:32.718 - RequestApplicationStop: 2
4240: 19:02:32.796 - RequestApplicationStop: 3
4240: 19:02:32.827 - RequestApplicationStop: 4
4240: 19:02:32.827 - RequestStop: defalt app domain
4240: 19:02:32.921 - Shutting down WebSocket Outbound Connection Manager...
4240: 19:02:32.999 - Shutting down TCP Outbound Connection Manager...
4240: 19:02:33.327 - Shutting down ENet Outbound Connection Manager...
4240: 19:02:33.436 - Disconnecting all outbound peers...
4240: 19:02:33.670 - Shutting down ENet host...
4240: 19:02:33.670 - Disconnecting all peers...
4240: 19:02:33.670 - Shutting down socket servers...
4240: 19:02:33.670 - Shutting down ENet thread pool...
4240: 19:02:33.670 - Shutting down TCP inactivity timers...
4240: 19:02:33.670 - WaitingForShutdownToComplete: NativePolicy:0.0.0.0:843
4240: 19:02:33.670 - OnShutdownCompleted: NativePolicy:0.0.0.0:843
4240: 19:02:33.670 - WaitingForShutdownToComplete: NativePolicy:0.0.0.0:943
4240: 19:02:33.670 - OnShutdownCompleted: NativePolicy:0.0.0.0:943
4240: 19:02:33.670 - WaitingForShutdownToComplete: TCP:0.0.0.0:4530
4240: 19:02:33.670 - OnShutdownCompleted: TCP:0.0.0.0:4530
4240: 19:02:33.670 - WaitingForShutdownToComplete: UDP:127.0.0.1:5055
4240: 19:02:33.670 - OnShutdownCompleted: UDP:127.0.0.1:5055
4240: 19:02:33.670 - WaitingForShutdownToComplete: UDP:192.168.1.3:5055
4240: 19:02:33.670 - OnShutdownCompleted: UDP:192.168.1.3:5055
4240: 19:02:33.670 - WaitingForShutdownToComplete: WebSocket:0.0.0.0:9090
4240: 19:02:33.670 - OnShutdownCompleted: WebSocket:0.0.0.0:9090
4240: 19:02:33.670 - Shutting down CLR applications...
4240: 19:02:39.442 - ATServer:6 - Stop() failed.
Exception:
System.NotImplementedException: The method or operation is not implemented.
   at ATServer.PhotonServer.TearDown() in c:\Users\Tim\Downloads\PhotonServer\src-server\ATServer\ATServer\PhotonServer.cs:line 36
   at Photon.SocketServer.ApplicationBase.PhotonHostRuntimeInterfaces.IPhotonControl.OnStop() in h:\svncontent\photon-socketserver-sdk_3.4\src\Photon.SocketServer\ApplicationBase.cs:line 1130
   at PhotonHostRuntime.PhotonDomainManager.PhotonPlainAppDomainBehavior.Stop()
   at PhotonHostRuntime.PhotonDomainManager.Stop()
4240: 19:02:39.551 - Shutting down business logic thread pool...
4240: 19:02:39.551 - Shutting down I/O thread pool...
4240: 19:02:39.551 - Destroying servers
4240: 19:02:39.551 - Destroying WebSocket Outbound Connection Manager
4240: 19:02:39.551 - Destroying TCP Outbound Connection Manager
4240: 19:02:39.551 - Destroying TCP inactivity timer
4240: 19:02:39.551 - Destroying ENet timer wheel
4652: 19:02:39.582 - CManagedHost::OnDefaultAction() - OPR_AppDomainUnload - eUnloadAppDomain
4644: 19:02:39.582 - Unloading Domain: ApplicationName = 'CounterPublisher', DomainId='5'
4240: 19:02:39.598 - Destroying ENet host
4240: 19:02:39.598 - Destroying ENet outbound host
4240: 19:02:39.598 - Destroying HTTP inactivity timer
4240: 19:02:39.598 - Destroying HTTP host
4240: 19:02:39.598 - Flushing ENET buffer allocator...
4240: 19:02:39.598 - Flushing TCP buffer handle allocator...
4240: 19:02:39.598 - Flushing stream socket allocator...
4240: 19:02:39.598 - Flushing inbound datagram socket allocator...
4240: 19:02:39.598 - Flushing outbound datagram socket allocator...
4240: 19:02:39.598 - Destroying CLR dispatcher
4240: 19:02:39.598 - Destroying CLR applications
4652: 19:02:39.598 - CManagedHost::OnDomainUnload() - 5
4240: 19:02:39.660 - ~CCLRApplicationCollection() - Waiting up to 10 seconds for the CLR to release all of our objects
4652: 19:02:40.425 - CManagedHost::OnDefaultAction() - OPR_AppDomainUnload - eUnloadAppDomain
4644: 19:02:40.440 - Unloading Domain: ApplicationName = 'Lite', DomainId='2'
4652: 19:02:40.534 - CManagedHost::OnDomainUnload() - 2
4652: 19:02:40.612 - CManagedHost::OnDefaultAction() - OPR_AppDomainUnload - eUnloadAppDomain
4644: 19:02:40.627 - Unloading Domain: ApplicationName = 'LiteLobby', DomainId='3'
4652: 19:02:40.627 - CManagedHost::OnDomainUnload() - 3
4652: 19:02:40.752 - CManagedHost::OnDefaultAction() - OPR_AppDomainUnload - eUnloadAppDomain
4644: 19:02:40.893 - Unloading Domain: ApplicationName = 'MmoDemo', DomainId='4'
4652: 19:02:40.893 - CManagedHost::OnDomainUnload() - 4
