1084: 01:10:29.067 - Service is stopped...
1084: 01:10:29.067 - Server shutting down...
1084: 01:10:29.067 - Shutdown monitoring enabled, 30000ms before process abort
1084: 01:10:29.067 - Notifying CLR applications of shutdown...
1084: 01:10:29.067 - RequestApplicationStop: 6
1084: 01:10:30.518 - RequestApplicationStop: 5
1084: 01:10:30.518 - RequestApplicationStop: 2
1084: 01:10:30.518 - RequestApplicationStop: 3
1084: 01:10:30.518 - RequestApplicationStop: 4
1084: 01:10:30.533 - RequestStop: defalt app domain
1084: 01:10:30.533 - Shutting down WebSocket Outbound Connection Manager...
1084: 01:10:30.533 - Shutting down TCP Outbound Connection Manager...
1084: 01:10:30.549 - Shutting down ENet Outbound Connection Manager...
1084: 01:10:30.549 - Disconnecting all outbound peers...
1084: 01:10:30.549 - Shutting down ENet host...
1084: 01:10:30.549 - Disconnecting all peers...
1084: 01:10:30.549 - Shutting down socket servers...
1084: 01:10:30.549 - Shutting down ENet thread pool...
1084: 01:10:30.549 - Shutting down TCP inactivity timers...
1084: 01:10:30.549 - WaitingForShutdownToComplete: NativePolicy:0.0.0.0:843
1084: 01:10:30.549 - OnShutdownCompleted: NativePolicy:0.0.0.0:843
1084: 01:10:30.549 - WaitingForShutdownToComplete: NativePolicy:0.0.0.0:943
1084: 01:10:30.549 - OnShutdownCompleted: NativePolicy:0.0.0.0:943
1084: 01:10:30.549 - WaitingForShutdownToComplete: TCP:0.0.0.0:4530
1084: 01:10:30.549 - OnShutdownCompleted: TCP:0.0.0.0:4530
1084: 01:10:30.549 - WaitingForShutdownToComplete: UDP:127.0.0.1:5055
1084: 01:10:30.549 - OnShutdownCompleted: UDP:127.0.0.1:5055
1084: 01:10:30.549 - WaitingForShutdownToComplete: UDP:192.168.1.3:5055
1084: 01:10:30.549 - OnShutdownCompleted: UDP:192.168.1.3:5055
1084: 01:10:30.549 - WaitingForShutdownToComplete: WebSocket:0.0.0.0:9090
1084: 01:10:30.549 - OnShutdownCompleted: WebSocket:0.0.0.0:9090
1084: 01:10:30.549 - Shutting down CLR applications...
1084: 01:10:30.830 - ATServer:6 - Stop() failed.
Exception:
System.NotImplementedException: The method or operation is not implemented.
   at ATServer.PhotonServer.TearDown() in c:\Users\Tim\Downloads\PhotonServer\src-server\ATServer\ATServer\PhotonServer.cs:line 36
   at Photon.SocketServer.ApplicationBase.PhotonHostRuntimeInterfaces.IPhotonControl.OnStop() in h:\svncontent\photon-socketserver-sdk_3.4\src\Photon.SocketServer\ApplicationBase.cs:line 1130
   at PhotonHostRuntime.PhotonDomainManager.PhotonPlainAppDomainBehavior.Stop()
   at PhotonHostRuntime.PhotonDomainManager.Stop()
4656: 01:10:30.939 - CManagedHost::OnDefaultAction() - OPR_AppDomainUnload - eUnloadAppDomain
1084: 01:10:30.939 - Shutting down business logic thread pool...
1084: 01:10:30.939 - Shutting down I/O thread pool...
1084: 01:10:30.939 - Destroying servers
1084: 01:10:30.939 - Destroying WebSocket Outbound Connection Manager
1084: 01:10:30.939 - Destroying TCP Outbound Connection Manager
1084: 01:10:30.939 - Destroying TCP inactivity timer
1084: 01:10:30.939 - Destroying ENet timer wheel
4648: 01:10:30.954 - Unloading Domain: ApplicationName = 'CounterPublisher', DomainId='5'
1084: 01:10:30.986 - Destroying ENet host
4656: 01:10:30.986 - CManagedHost::OnDomainUnload() - 5
1084: 01:10:30.986 - Destroying ENet outbound host
1084: 01:10:30.986 - Destroying HTTP inactivity timer
1084: 01:10:30.986 - Destroying HTTP host
1084: 01:10:30.986 - Flushing ENET buffer allocator...
1084: 01:10:30.986 - Flushing TCP buffer handle allocator...
1084: 01:10:30.986 - Flushing stream socket allocator...
1084: 01:10:30.986 - Flushing inbound datagram socket allocator...
1084: 01:10:30.986 - Flushing outbound datagram socket allocator...
1084: 01:10:30.986 - Destroying CLR dispatcher
1084: 01:10:30.986 - Destroying CLR applications
1084: 01:10:31.048 - ~CCLRApplicationCollection() - Waiting up to 10 seconds for the CLR to release all of our objects
4656: 01:10:31.095 - CManagedHost::OnDefaultAction() - OPR_AppDomainUnload - eUnloadAppDomain
4648: 01:10:31.095 - Unloading Domain: ApplicationName = 'Lite', DomainId='2'
4656: 01:10:31.095 - CManagedHost::OnDomainUnload() - 2
4656: 01:10:31.173 - CManagedHost::OnDefaultAction() - OPR_AppDomainUnload - eUnloadAppDomain
4648: 01:10:31.173 - Unloading Domain: ApplicationName = 'LiteLobby', DomainId='3'
4656: 01:10:31.173 - CManagedHost::OnDomainUnload() - 3
4656: 01:10:31.251 - CManagedHost::OnDefaultAction() - OPR_AppDomainUnload - eUnloadAppDomain
4648: 01:10:31.266 - Unloading Domain: ApplicationName = 'MmoDemo', DomainId='4'
4656: 01:10:31.266 - CManagedHost::OnDomainUnload() - 4
4152: 11:48:06.550 - ---
4152: 11:48:06.550 - Service: "Photon Socket Server" starting
4152: 11:48:06.550 - Config File: C:\Users\Tim\Downloads\PhotonServer\deploy\bin_Win64\PhotonServer.config
4152: 11:48:06.550 - Will produce at most: 10 crash dumps
4152: 11:48:06.550 - Action: run as service
4180: 11:48:06.940 - Server Starting...
4180: 11:48:07.330 -    Tick count: 128154 (wraps in: 49.7088 days)
4180: 11:48:07.330 - Tick count 64: 128544
4180: 11:48:07.330 - Photon Version: 3.4.5.2597
4180: 11:48:07.330 - PID: 4148
4180: 11:48:07.548 - Current directory is: C:\Windows\system32
4180: 11:48:07.548 - Changing current directory to: C:\Users\Tim\Downloads\PhotonServer\deploy\bin_Win64
4180: 11:48:07.548 - Config File: C:\Users\Tim\Downloads\PhotonServer\deploy\bin_Win64\PhotonServer.config
4180: 11:48:07.704 - Will NOT log unimportant exceptions
4180: 11:48:11.542 - Not using performance counters as they are not currently installed. Run the service with /InstallCounters to install them.
4180: 11:48:11.651 - Shutdown timeout enabled: 30000ms
4180: 11:48:11.978 - Starting I/O thread pool with 2 threads
4180: 11:48:12.509 - Using Standard allocator
4180: 11:48:12.509 - Max message size: 512000
4180: 11:48:12.821 - Starting business logic thread pool with the following settings
4180: 11:48:12.821 - InitialThreads: 4 threads
4180: 11:48:12.821 - MinThreads: 4 threads
4180: 11:48:12.821 - Thread pool is fixed size
4180: 11:48:12.821 - Starting ENet thread pool with the following settings
4180: 11:48:12.821 - InitialThreads: 2 threads
4180: 11:48:12.821 - MinThreads: 2 threads
4180: 11:48:12.821 - Thread pool is fixed size
4180: 11:48:12.821 - OnlyDispatchTimers: False
4180: 11:48:12.821 - S2S: flow control: Max pending writes: 50
4180: 11:48:12.821 - S2S: flow control: Max queued buffers: 200
4180: 11:48:12.992 - S2S: flow control: Max pending writes MUX: 500
4180: 11:48:12.992 - S2S: flow control: Max queued buffers MUX: 2000
4180: 11:48:12.992 - S2S: MaxInboundMessageSize: 512000
4180: 11:48:12.992 - S2S: MaxOutboundMessageSize: 512000
4180: 11:48:12.992 - S2S: No inactivity timeout
4180: 11:48:14.459 - WebSocket S2S: MaxInboundMessageSize: 512000
4180: 11:48:14.459 - WebSocket S2S: MaxOutboundMessageSize: 512000
4180: 11:48:14.459 - WebSocket S2S: No inactivity timeout
4180: 11:48:14.693 - Max Reliable Data In Transit (awaiting ACKs) per peer : 51200 bytes
4180: 11:48:14.693 - Per peer bandwidth limit
4180: 11:48:14.693 - Transmit Rate Limit: 256 KB/Sec
4180: 11:48:14.693 - Limit period: 200ms
4180: 11:48:14.693 - Limit per period: 52428 bytes
4180: 11:48:14.693 - Max queued data for transmission per peer: 512000 bytes
4180: 11:48:14.693 - Minimum retransmit timeout: 200
4180: 11:48:14.693 - Minimum ENet timeout: 5000ms
4180: 11:48:14.693 - Maximum ENet timeout: 30000ms
4180: 11:48:14.693 - Max Inbound Reliable Data Queued (awaiting resends of earlier sequence numbers) per peer : 163840 bytes
4180: 11:48:14.693 - Outbound ENet: MaxInboundMessageSize: 512000
4180: 11:48:14.693 - Outbound ENet: MaxOutboundMessageSize: 512000
4180: 11:48:20.824 - GetRuntime - About to load CLR - versions available:
4180: 11:48:20.824 - v2.0.50727
4180: 11:48:20.824 - v4.0.30319
4180: 11:48:20.824 - Configuration requests: "v2.0.50727"
4180: 11:48:20.824 - About to load version: "v2.0.50727"
4180: 11:48:28.031 - About to load runtime: PhotonHostRuntime.PhotonDomainManager from PhotonHostRuntime, Culture=neutral, PublicKeyToken=02C301B61B060C4D
4180: 11:48:28.031 - CLRBaseDirectory set to "C:\Users\Tim\Downloads\PhotonServer\deploy"
4180: 11:48:28.031 - Optimising event broadcast for 20 or more peers
4180: 11:48:28.343 - Start: About to load CLR - versions available:
4180: 11:48:28.343 - v2.0.50727
4180: 11:48:28.343 - v4.0.30319
4180: 11:48:28.343 - No preference in configuration file, will load latest.
4180: 11:48:28.343 - About to load version: "v4.0.30319"
4180: 11:48:28.436 - Loaded version: "v4.0.30319"
4180: 11:49:03.006 - Photon host runtime loaded
4180: 11:49:25.486 - License is valid.
4180: 11:49:25.486 - Licensed for 100 concurrent connections.
4180: 11:49:25.486 - ENet: Max Reliable Data In Transit (awaiting ACKs) per peer : 51200 bytes
4180: 11:49:25.486 - ENet: Per peer bandwidth limit
4180: 11:49:25.486 - ENet: Transmit Rate Limit: 256 KB/Sec
4180: 11:49:25.486 - ENet: Limit period: 200ms
4180: 11:49:25.486 - ENet: Limit per period: 52428 bytes
4180: 11:49:25.486 - ENet: Max queued data for transmission per peer: 512000 bytes
4180: 11:49:25.486 - ENet: Minimum retransmit timeout: 200
4180: 11:49:25.486 - ENet: Minimum timeout: 5000ms
4180: 11:49:25.486 - ENet: Maximum timeout: 30000ms
4180: 11:49:25.486 - ENet: Max Inbound Reliable Data Queued (awaiting resends of earlier sequence numbers) per peer : 163840 bytes
4180: 11:49:25.486 - About to load application: Lite from Lite
4180: 11:49:25.486 - Auto restart is enabled for application, existing connections will be terminated during restart
4180: 11:49:25.486 - Application will restart 1000ms after the last change detected
4180: 11:49:25.486 - Application will restart if files matching the following are changed: "dll;config"
4180: 11:49:25.486 - Application will NOT restart if files matching the following are changed: "log4net.config"
4180: 11:49:26.874 - Taking reference on default app domain
4180: 11:49:27.779 - Application: "Lite" started in app domain: 2
4180: 11:49:27.779 - About to load application: LiteLobby from LiteLobby
4180: 11:49:27.779 - Auto restart is enabled for application, existing connections will be terminated during restart
4180: 11:49:27.779 - Application will restart 1000ms after the last change detected
4180: 11:49:27.779 - Application will restart if files matching the following are changed: "dll;config"
4180: 11:49:27.779 - Application will NOT restart if files matching the following are changed: "log4net.config"
4180: 11:49:28.606 - Taking reference on default app domain
4180: 11:49:29.448 - Application: "LiteLobby" started in app domain: 3
4180: 11:49:29.448 - About to load application: MmoDemo from Photon.MmoDemo.Server
4180: 11:49:29.448 - Auto restart is enabled for application, existing connections will be terminated during restart
4180: 11:49:29.448 - Application will restart 1000ms after the last change detected
4180: 11:49:29.448 - Application will restart if files matching the following are changed: "dll;config"
4180: 11:49:29.448 - Application will NOT restart if files matching the following are changed: "log4net.config"
4180: 11:49:30.103 - Taking reference on default app domain
4180: 11:49:31.663 - Application: "MmoDemo" started in app domain: 4
4180: 11:49:31.663 - About to load application: CounterPublisher from CounterPublisher
4180: 11:49:31.663 - Auto restart is enabled for application, existing connections will be terminated during restart
4180: 11:49:31.663 - Application will restart 1000ms after the last change detected
4180: 11:49:31.663 - Application will restart if files matching the following are changed: "dll;config"
4180: 11:49:31.663 - Application will NOT restart if files matching the following are changed: "log4net.config"
4180: 11:49:32.865 - Taking reference on default app domain
4180: 11:49:33.832 - Application: "CounterPublisher" started in app domain: 5
4180: 11:49:33.832 - About to load application: ATServer from ATServer
4180: 11:49:33.832 - Auto restart is enabled for application, existing connections will be terminated during restart
4180: 11:49:33.832 - Application will restart 1000ms after the last change detected
4180: 11:49:33.832 - Application will restart if files matching the following are changed: "dll;config"
4180: 11:49:33.832 - Application will NOT restart if files matching the following are changed: "log4net.config"
4180: 11:49:34.815 - Taking reference on default app domain
4180: 11:49:35.501 - Application: "ATServer" started in app domain: 6
4180: 11:49:35.501 - Adding TCP listener on :0.0.0.0: 4530 with a listen backlog of: 150
4180: 11:49:35.501 - TCP inactivity timeout: 10000ms
4180: 11:49:35.501 - TCP disconnect timeout: 120000ms
4180: 11:49:35.501 - MaxInboundMessageSize: 512000
4180: 11:49:35.501 - MaxOutboundMessageSize: 512000
4180: 11:49:35.610 - Serving policy file requests from: "C:\Users\Tim\Downloads\PhotonServer\deploy\Policy\assets\socket-policy.xml"
4180: 11:49:35.657 - MaxInboundMessageSize: 512000
4180: 11:49:35.657 - MaxOutboundMessageSize: 512000
4180: 11:49:35.657 - UDP address specified as:0.0.0.0 adding listener to each available IPv4 address
4180: 11:49:35.657 - Adding UDP listener on :192.168.1.3: 5055 with a listen backlog of: 500
4180: 11:49:35.657 - Adding UDP listener on :127.0.0.1: 5055 with a listen backlog of: 500
4180: 11:49:35.657 - Adding WebSocket TCP listener on :0.0.0.0: 9090 with a listen backlog of: 150
4180: 11:49:35.657 - Nagle disabled
4180: 11:49:35.657 - TCP inactivity timeout: 10000ms
4180: 11:49:35.657 - MaxInboundMessageSize: 512000
4180: 11:49:35.657 - MaxOutboundMessageSize: 512000
4180: 11:49:35.657 - Forcing all applications ids to: "Lite"
4180: 11:49:35.657 - Will accept ANY sub-protocols from the client
4180: 11:49:35.657 - No automatic WebSocket ping
4180: 11:49:35.719 - Adding Policy File listener on :0.0.0.0: 843 with a listen backlog of: 150 and serving Policy File: "C:\Users\Tim\Downloads\PhotonServer\deploy\Policy\assets\socket-policy.xml"
4180: 11:49:35.719 - TCP inactivity timeout: 10000ms
4180: 11:49:35.719 - Adding Policy File listener on :0.0.0.0: 943 with a listen backlog of: 150 and serving Policy File: "C:\Users\Tim\Downloads\PhotonServer\deploy\Policy\assets\socket-policy-silverlight.xml"
4180: 11:49:35.719 - TCP inactivity timeout: 10000ms
4180: 11:49:35.813 - Service is running...
4180: 15:11:34.631 - Service is stopped...
4180: 15:11:34.631 - Server shutting down...
4180: 15:11:34.631 - Shutdown monitoring enabled, 30000ms before process abort
4180: 15:11:34.631 - Notifying CLR applications of shutdown...
4180: 15:11:34.631 - RequestApplicationStop: 6
4180: 15:11:35.613 - RequestApplicationStop: 5
4180: 15:11:35.613 - RequestApplicationStop: 2
4180: 15:11:35.613 - RequestApplicationStop: 3
4180: 15:11:35.629 - RequestApplicationStop: 4
4180: 15:11:35.629 - RequestStop: defalt app domain
4180: 15:11:35.629 - Shutting down WebSocket Outbound Connection Manager...
4180: 15:11:35.629 - Shutting down TCP Outbound Connection Manager...
4180: 15:11:35.988 - Shutting down ENet Outbound Connection Manager...
4180: 15:11:35.988 - Disconnecting all outbound peers...
4180: 15:11:35.988 - Shutting down ENet host...
4180: 15:11:35.988 - Disconnecting all peers...
4180: 15:11:35.988 - Shutting down socket servers...
4180: 15:11:35.988 - Shutting down ENet thread pool...
4180: 15:11:35.988 - Shutting down TCP inactivity timers...
4180: 15:11:35.988 - WaitingForShutdownToComplete: NativePolicy:0.0.0.0:843
4180: 15:11:35.988 - OnShutdownCompleted: NativePolicy:0.0.0.0:843
4180: 15:11:35.988 - WaitingForShutdownToComplete: NativePolicy:0.0.0.0:943
4180: 15:11:35.988 - OnShutdownCompleted: NativePolicy:0.0.0.0:943
4180: 15:11:35.988 - WaitingForShutdownToComplete: TCP:0.0.0.0:4530
4180: 15:11:35.988 - OnShutdownCompleted: TCP:0.0.0.0:4530
4180: 15:11:35.988 - WaitingForShutdownToComplete: UDP:127.0.0.1:5055
4180: 15:11:35.988 - OnShutdownCompleted: UDP:127.0.0.1:5055
4180: 15:11:35.988 - WaitingForShutdownToComplete: UDP:192.168.1.3:5055
4180: 15:11:35.988 - OnShutdownCompleted: UDP:192.168.1.3:5055
4180: 15:11:35.988 - WaitingForShutdownToComplete: WebSocket:0.0.0.0:9090
4180: 15:11:35.988 - OnShutdownCompleted: WebSocket:0.0.0.0:9090
4180: 15:11:35.988 - Shutting down CLR applications...
4180: 15:11:36.565 - ATServer:6 - Stop() failed.
Exception:
System.NotImplementedException: The method or operation is not implemented.
   at ATServer.PhotonServer.TearDown() in c:\Users\Tim\Downloads\PhotonServer\src-server\ATServer\ATServer\PhotonServer.cs:line 36
   at Photon.SocketServer.ApplicationBase.PhotonHostRuntimeInterfaces.IPhotonControl.OnStop() in h:\svncontent\photon-socketserver-sdk_3.4\src\Photon.SocketServer\ApplicationBase.cs:line 1130
   at PhotonHostRuntime.PhotonDomainManager.PhotonPlainAppDomainBehavior.Stop()
   at PhotonHostRuntime.PhotonDomainManager.Stop()
4864: 15:11:36.596 - CManagedHost::OnDefaultAction() - OPR_AppDomainUnload - eUnloadAppDomain
4180: 15:11:36.612 - Shutting down business logic thread pool...
4180: 15:11:36.612 - Shutting down I/O thread pool...
4180: 15:11:36.612 - Destroying servers
4180: 15:11:36.612 - Destroying WebSocket Outbound Connection Manager
4180: 15:11:36.612 - Destroying TCP Outbound Connection Manager
4180: 15:11:36.612 - Destroying TCP inactivity timer
4180: 15:11:36.612 - Destroying ENet timer wheel
4180: 15:11:36.612 - Destroying ENet host
4180: 15:11:36.612 - Destroying ENet outbound host
4180: 15:11:36.612 - Destroying HTTP inactivity timer
4180: 15:11:36.612 - Destroying HTTP host
4180: 15:11:36.612 - Flushing ENET buffer allocator...
4180: 15:11:36.612 - Flushing TCP buffer handle allocator...
4180: 15:11:36.612 - Flushing stream socket allocator...
4180: 15:11:36.612 - Flushing inbound datagram socket allocator...
4180: 15:11:36.612 - Flushing outbound datagram socket allocator...
4180: 15:11:36.612 - Destroying CLR dispatcher
4180: 15:11:36.612 - Destroying CLR applications
4856: 15:11:36.612 - Unloading Domain: ApplicationName = 'CounterPublisher', DomainId='5'
4864: 15:11:36.612 - CManagedHost::OnDomainUnload() - 5
4180: 15:11:36.627 - ~CCLRApplicationCollection() - Waiting up to 10 seconds for the CLR to release all of our objects
4864: 15:11:36.643 - CManagedHost::OnDefaultAction() - OPR_AppDomainUnload - eUnloadAppDomain
4856: 15:11:36.643 - Unloading Domain: ApplicationName = 'Lite', DomainId='2'
4864: 15:11:36.643 - CManagedHost::OnDomainUnload() - 2
4864: 15:11:36.659 - CManagedHost::OnDefaultAction() - OPR_AppDomainUnload - eUnloadAppDomain
4856: 15:11:36.659 - Unloading Domain: ApplicationName = 'LiteLobby', DomainId='3'
4864: 15:11:36.659 - CManagedHost::OnDomainUnload() - 3
4864: 15:11:36.659 - CManagedHost::OnDefaultAction() - OPR_AppDomainUnload - eUnloadAppDomain
4856: 15:11:36.674 - Unloading Domain: ApplicationName = 'MmoDemo', DomainId='4'
4864: 15:11:36.674 - CManagedHost::OnDomainUnload() - 4
