1800: 09:39:25.913 - ---
1800: 09:39:25.913 - Service: "Photon Socket Server" starting
1800: 09:39:25.913 - Config File: C:\Users\Tim\Downloads\PhotonServer\deploy\bin_Win64\PhotonServer.config
1800: 09:39:25.913 - Will produce at most: 10 crash dumps
1800: 09:39:25.913 - Action: run as service
1876: 09:39:25.913 - Server Starting...
1876: 09:39:25.913 -    Tick count: 123115 (wraps in: 49.7088 days)
1876: 09:39:25.913 - Tick count 64: 123115
1876: 09:39:25.913 - Photon Version: 3.4.5.2597
1876: 09:39:25.913 - PID: 3092
1876: 09:39:25.913 - Current directory is: C:\Windows\system32
1876: 09:39:25.913 - Changing current directory to: C:\Users\Tim\Downloads\PhotonServer\deploy\bin_Win64
1876: 09:39:25.913 - Config File: C:\Users\Tim\Downloads\PhotonServer\deploy\bin_Win64\PhotonServer.config
1876: 09:39:25.913 - Will NOT log unimportant exceptions
1876: 09:39:25.913 - Not using performance counters as they are not currently installed. Run the service with /InstallCounters to install them.
1876: 09:39:25.913 - Shutdown timeout enabled: 30000ms
1876: 09:39:25.913 - Starting I/O thread pool with 2 threads
1876: 09:39:25.913 - Using Standard allocator
1876: 09:39:25.913 - Max message size: 512000
1876: 09:39:25.913 - Starting business logic thread pool with the following settings
1876: 09:39:25.913 - InitialThreads: 4 threads
1876: 09:39:25.913 - MinThreads: 4 threads
1876: 09:39:25.913 - Thread pool is fixed size
1876: 09:39:25.913 - Starting ENet thread pool with the following settings
1876: 09:39:25.913 - InitialThreads: 2 threads
1876: 09:39:25.913 - MinThreads: 2 threads
1876: 09:39:25.913 - Thread pool is fixed size
1876: 09:39:25.913 - OnlyDispatchTimers: False
1876: 09:39:25.913 - S2S: flow control: Max pending writes: 50
1876: 09:39:25.913 - S2S: flow control: Max queued buffers: 200
1876: 09:39:25.913 - S2S: flow control: Max pending writes MUX: 500
1876: 09:39:25.913 - S2S: flow control: Max queued buffers MUX: 2000
1876: 09:39:25.913 - S2S: MaxInboundMessageSize: 512000
1876: 09:39:25.913 - S2S: MaxOutboundMessageSize: 512000
1876: 09:39:25.913 - S2S: No inactivity timeout
1876: 09:39:25.913 - WebSocket S2S: MaxInboundMessageSize: 512000
1876: 09:39:25.913 - WebSocket S2S: MaxOutboundMessageSize: 512000
1876: 09:39:25.913 - WebSocket S2S: No inactivity timeout
1876: 09:39:25.913 - Max Reliable Data In Transit (awaiting ACKs) per peer : 51200 bytes
1876: 09:39:25.913 - Per peer bandwidth limit
1876: 09:39:25.913 - Transmit Rate Limit: 256 KB/Sec
1876: 09:39:25.913 - Limit period: 200ms
1876: 09:39:25.913 - Limit per period: 52428 bytes
1876: 09:39:25.913 - Max queued data for transmission per peer: 512000 bytes
1876: 09:39:25.913 - Minimum retransmit timeout: 200
1876: 09:39:25.913 - Minimum ENet timeout: 5000ms
1876: 09:39:25.913 - Maximum ENet timeout: 30000ms
1876: 09:39:25.913 - Max Inbound Reliable Data Queued (awaiting resends of earlier sequence numbers) per peer : 163840 bytes
1876: 09:39:25.913 - Outbound ENet: MaxInboundMessageSize: 512000
1876: 09:39:25.913 - Outbound ENet: MaxOutboundMessageSize: 512000
1876: 09:39:26.272 - GetRuntime - About to load CLR - versions available:
1876: 09:39:26.272 - v2.0.50727
1876: 09:39:26.272 - v4.0.30319
1876: 09:39:26.272 - Configuration requests: "v2.0.50727"
1876: 09:39:26.272 - About to load version: "v2.0.50727"
1876: 09:39:35.305 - About to load runtime: PhotonHostRuntime.PhotonDomainManager from PhotonHostRuntime, Culture=neutral, PublicKeyToken=02C301B61B060C4D
1876: 09:39:35.305 - CLRBaseDirectory set to "C:\Users\Tim\Downloads\PhotonServer\deploy"
1876: 09:39:35.305 - Optimising event broadcast for 20 or more peers
1876: 09:39:35.305 - Start: About to load CLR - versions available:
1876: 09:39:35.305 - v2.0.50727
1876: 09:39:35.305 - v4.0.30319
1876: 09:39:35.305 - No preference in configuration file, will load latest.
1876: 09:39:35.305 - About to load version: "v4.0.30319"
1876: 09:39:35.305 - Loaded version: "v4.0.30319"
1876: 09:40:12.791 - Photon host runtime loaded
1876: 09:40:34.733 - License is valid.
1876: 09:40:34.733 - Licensed for 100 concurrent connections.
1876: 09:40:34.733 - ENet: Max Reliable Data In Transit (awaiting ACKs) per peer : 51200 bytes
1876: 09:40:34.733 - ENet: Per peer bandwidth limit
1876: 09:40:34.733 - ENet: Transmit Rate Limit: 256 KB/Sec
1876: 09:40:34.733 - ENet: Limit period: 200ms
1876: 09:40:34.733 - ENet: Limit per period: 52428 bytes
1876: 09:40:34.733 - ENet: Max queued data for transmission per peer: 512000 bytes
1876: 09:40:34.733 - ENet: Minimum retransmit timeout: 200
1876: 09:40:34.733 - ENet: Minimum timeout: 5000ms
1876: 09:40:34.733 - ENet: Maximum timeout: 30000ms
1876: 09:40:34.733 - ENet: Max Inbound Reliable Data Queued (awaiting resends of earlier sequence numbers) per peer : 163840 bytes
1876: 09:40:34.733 - About to load application: Lite from Lite
1876: 09:40:34.733 - Auto restart is enabled for application, existing connections will be terminated during restart
1876: 09:40:34.733 - Application will restart 1000ms after the last change detected
1876: 09:40:34.733 - Application will restart if files matching the following are changed: "dll;config"
1876: 09:40:34.733 - Application will NOT restart if files matching the following are changed: "log4net.config"
1876: 09:40:37.849 - Taking reference on default app domain
1876: 09:40:39.355 - Application: "Lite" started in app domain: 2
1876: 09:40:39.356 - About to load application: LiteLobby from LiteLobby
1876: 09:40:39.356 - Auto restart is enabled for application, existing connections will be terminated during restart
1876: 09:40:39.356 - Application will restart 1000ms after the last change detected
1876: 09:40:39.356 - Application will restart if files matching the following are changed: "dll;config"
1876: 09:40:39.356 - Application will NOT restart if files matching the following are changed: "log4net.config"
1876: 09:40:40.338 - Taking reference on default app domain
1876: 09:40:40.884 - Application: "LiteLobby" started in app domain: 3
1876: 09:40:40.884 - About to load application: MmoDemo from Photon.MmoDemo.Server
1876: 09:40:40.884 - Auto restart is enabled for application, existing connections will be terminated during restart
1876: 09:40:40.884 - Application will restart 1000ms after the last change detected
1876: 09:40:40.884 - Application will restart if files matching the following are changed: "dll;config"
1876: 09:40:40.884 - Application will NOT restart if files matching the following are changed: "log4net.config"
1876: 09:40:41.680 - Taking reference on default app domain
1876: 09:40:41.883 - Application: "MmoDemo" started in app domain: 4
1876: 09:40:41.883 - About to load application: CounterPublisher from CounterPublisher
1876: 09:40:41.883 - Auto restart is enabled for application, existing connections will be terminated during restart
1876: 09:40:41.883 - Application will restart 1000ms after the last change detected
1876: 09:40:41.883 - Application will restart if files matching the following are changed: "dll;config"
1876: 09:40:41.883 - Application will NOT restart if files matching the following are changed: "log4net.config"
1876: 09:40:42.101 - Taking reference on default app domain
1876: 09:40:42.288 - Application: "CounterPublisher" started in app domain: 5
1876: 09:40:42.288 - About to load application: ATServer from ATServer
1876: 09:40:42.288 - Auto restart is enabled for application, existing connections will be terminated during restart
1876: 09:40:42.288 - Application will restart 1000ms after the last change detected
1876: 09:40:42.288 - Application will restart if files matching the following are changed: "dll;config"
1876: 09:40:42.288 - Application will NOT restart if files matching the following are changed: "log4net.config"
1876: 09:40:42.585 - Taking reference on default app domain
1876: 09:40:42.772 - Application: "ATServer" started in app domain: 6
1876: 09:40:42.772 - Adding TCP listener on :0.0.0.0: 4530 with a listen backlog of: 150
1876: 09:40:42.772 - TCP inactivity timeout: 10000ms
1876: 09:40:42.772 - TCP disconnect timeout: 120000ms
1876: 09:40:42.772 - MaxInboundMessageSize: 512000
1876: 09:40:42.772 - MaxOutboundMessageSize: 512000
1876: 09:40:42.788 - Serving policy file requests from: "C:\Users\Tim\Downloads\PhotonServer\deploy\Policy\assets\socket-policy.xml"
1876: 09:40:42.803 - MaxInboundMessageSize: 512000
1876: 09:40:42.803 - MaxOutboundMessageSize: 512000
1876: 09:40:42.803 - UDP address specified as:0.0.0.0 adding listener to each available IPv4 address
1876: 09:40:42.819 - Adding UDP listener on :192.168.1.3: 5055 with a listen backlog of: 500
1876: 09:40:42.819 - Adding UDP listener on :127.0.0.1: 5055 with a listen backlog of: 500
1876: 09:40:42.819 - Adding WebSocket TCP listener on :0.0.0.0: 9090 with a listen backlog of: 150
1876: 09:40:42.819 - Nagle disabled
1876: 09:40:42.819 - TCP inactivity timeout: 10000ms
1876: 09:40:42.819 - MaxInboundMessageSize: 512000
1876: 09:40:42.819 - MaxOutboundMessageSize: 512000
1876: 09:40:42.819 - Forcing all applications ids to: "Lite"
1876: 09:40:42.819 - Will accept ANY sub-protocols from the client
1876: 09:40:42.819 - No automatic WebSocket ping
1876: 09:40:42.819 - Adding Policy File listener on :0.0.0.0: 843 with a listen backlog of: 150 and serving Policy File: "C:\Users\Tim\Downloads\PhotonServer\deploy\Policy\assets\socket-policy.xml"
1876: 09:40:42.819 - TCP inactivity timeout: 10000ms
1876: 09:40:42.819 - Adding Policy File listener on :0.0.0.0: 943 with a listen backlog of: 150 and serving Policy File: "C:\Users\Tim\Downloads\PhotonServer\deploy\Policy\assets\socket-policy-silverlight.xml"
1876: 09:40:42.819 - TCP inactivity timeout: 10000ms
1876: 09:40:42.850 - Service is running...
