7484: 18:40:22.316 - ---
7484: 18:40:22.316 - Service: "Photon Socket Server" starting
7484: 18:40:22.316 - Config File: C:\Users\Tim\Downloads\PhotonServer\deploy\bin_Win64\PhotonServer.config
7484: 18:40:22.316 - Will produce at most: 10 crash dumps
7484: 18:40:22.316 - Action: run as exe
7484: 18:40:22.316 - Server Starting...
7484: 18:40:22.316 -    Tick count: 27404524 (wraps in: 49.3931 days)
7484: 18:40:22.316 - Tick count 64: 27404524
7484: 18:40:22.316 - Photon Version: 3.4.5.2597
7484: 18:40:22.316 - PID: 7912
7484: 18:40:22.316 - Config File: C:\Users\Tim\Downloads\PhotonServer\deploy\bin_Win64\PhotonServer.config
7484: 18:40:22.316 - Will NOT log unimportant exceptions
7484: 18:40:22.316 - Not using performance counters as they are not currently installed. Run the service with /InstallCounters to install them.
7484: 18:40:22.316 - Shutdown timeout enabled: 30000ms
7484: 18:40:22.316 - Starting I/O thread pool with 2 threads
7484: 18:40:22.326 - Using Standard allocator
7484: 18:40:22.326 - Max message size: 512000
7484: 18:40:22.326 - Starting business logic thread pool with the following settings
7484: 18:40:22.326 - InitialThreads: 4 threads
7484: 18:40:22.326 - MinThreads: 4 threads
7484: 18:40:22.326 - Thread pool is fixed size
7484: 18:40:22.326 - Starting ENet thread pool with the following settings
7484: 18:40:22.326 - InitialThreads: 2 threads
7484: 18:40:22.326 - MinThreads: 2 threads
7484: 18:40:22.326 - Thread pool is fixed size
7484: 18:40:22.326 - OnlyDispatchTimers: False
7484: 18:40:22.326 - S2S: flow control: Max pending writes: 50
7484: 18:40:22.326 - S2S: flow control: Max queued buffers: 200
7484: 18:40:22.326 - S2S: flow control: Max pending writes MUX: 500
7484: 18:40:22.326 - S2S: flow control: Max queued buffers MUX: 2000
7484: 18:40:22.326 - S2S: MaxInboundMessageSize: 512000
7484: 18:40:22.326 - S2S: MaxOutboundMessageSize: 512000
7484: 18:40:22.326 - S2S: No inactivity timeout
7484: 18:40:22.326 - WebSocket S2S: MaxInboundMessageSize: 512000
7484: 18:40:22.326 - WebSocket S2S: MaxOutboundMessageSize: 512000
7484: 18:40:22.326 - WebSocket S2S: No inactivity timeout
7484: 18:40:22.336 - Max Reliable Data In Transit (awaiting ACKs) per peer : 51200 bytes
7484: 18:40:22.336 - Per peer bandwidth limit
7484: 18:40:22.336 - Transmit Rate Limit: 256 KB/Sec
7484: 18:40:22.336 - Limit period: 200ms
7484: 18:40:22.336 - Limit per period: 52428 bytes
7484: 18:40:22.336 - Max queued data for transmission per peer: 512000 bytes
7484: 18:40:22.336 - Minimum retransmit timeout: 200
7484: 18:40:22.336 - Minimum ENet timeout: 5000ms
7484: 18:40:22.336 - Maximum ENet timeout: 30000ms
7484: 18:40:22.336 - Max Inbound Reliable Data Queued (awaiting resends of earlier sequence numbers) per peer : 163840 bytes
7484: 18:40:22.336 - Outbound ENet: MaxInboundMessageSize: 512000
7484: 18:40:22.336 - Outbound ENet: MaxOutboundMessageSize: 512000
7484: 18:40:22.336 - GetRuntime - About to load CLR - versions available:
7484: 18:40:22.336 - v2.0.50727
7484: 18:40:22.336 - v4.0.30319
7484: 18:40:22.336 - Configuration requests: "v2.0.50727"
7484: 18:40:22.336 - About to load version: "v2.0.50727"
7484: 18:40:22.376 - About to load runtime: PhotonHostRuntime.PhotonDomainManager from PhotonHostRuntime, Culture=neutral, PublicKeyToken=02C301B61B060C4D
7484: 18:40:22.376 - CLRBaseDirectory set to "C:\Users\Tim\Downloads\PhotonServer\deploy"
7484: 18:40:22.376 - Optimising event broadcast for 20 or more peers
7484: 18:40:22.376 - Start: About to load CLR - versions available:
7484: 18:40:22.376 - v2.0.50727
7484: 18:40:22.376 - v4.0.30319
7484: 18:40:22.376 - No preference in configuration file, will load latest.
7484: 18:40:22.376 - About to load version: "v4.0.30319"
7484: 18:40:22.406 - Loaded version: "v4.0.30319"
7484: 18:40:25.676 - Photon host runtime loaded
7484: 18:40:32.398 - LICENSE: No license file was found. Starting with Bootstrap License.
7484: 18:40:32.408 - License is valid.
7484: 18:40:32.408 - Licensed for 20 concurrent connections.
7484: 18:40:32.408 - ENet: Max Reliable Data In Transit (awaiting ACKs) per peer : 51200 bytes
7484: 18:40:32.408 - ENet: Per peer bandwidth limit
7484: 18:40:32.408 - ENet: Transmit Rate Limit: 256 KB/Sec
7484: 18:40:32.408 - ENet: Limit period: 200ms
7484: 18:40:32.408 - ENet: Limit per period: 52428 bytes
7484: 18:40:32.408 - ENet: Max queued data for transmission per peer: 512000 bytes
7484: 18:40:32.408 - ENet: Minimum retransmit timeout: 200
7484: 18:40:32.408 - ENet: Minimum timeout: 5000ms
7484: 18:40:32.408 - ENet: Maximum timeout: 30000ms
7484: 18:40:32.408 - ENet: Max Inbound Reliable Data Queued (awaiting resends of earlier sequence numbers) per peer : 163840 bytes
7484: 18:40:32.408 - About to load application: Lite from Lite
7484: 18:40:32.408 - Auto restart is enabled for application, existing connections will be terminated during restart
7484: 18:40:32.408 - Application will restart 1000ms after the last change detected
7484: 18:40:32.408 - Application will restart if files matching the following are changed: "dll;config"
7484: 18:40:32.408 - Application will NOT restart if files matching the following are changed: "log4net.config"
7484: 18:40:32.828 - Taking reference on default app domain
7484: 18:40:33.018 - Application: "Lite" started in app domain: 2
7484: 18:40:33.018 - About to load application: LiteLobby from LiteLobby
7484: 18:40:33.018 - Auto restart is enabled for application, existing connections will be terminated during restart
7484: 18:40:33.018 - Application will restart 1000ms after the last change detected
7484: 18:40:33.018 - Application will restart if files matching the following are changed: "dll;config"
7484: 18:40:33.018 - Application will NOT restart if files matching the following are changed: "log4net.config"
7484: 18:40:33.138 - Taking reference on default app domain
7484: 18:40:33.248 - Application: "LiteLobby" started in app domain: 3
7484: 18:40:33.248 - About to load application: MmoDemo from Photon.MmoDemo.Server
7484: 18:40:33.248 - Auto restart is enabled for application, existing connections will be terminated during restart
7484: 18:40:33.248 - Application will restart 1000ms after the last change detected
7484: 18:40:33.248 - Application will restart if files matching the following are changed: "dll;config"
7484: 18:40:33.248 - Application will NOT restart if files matching the following are changed: "log4net.config"
7484: 18:40:33.368 - Taking reference on default app domain
7484: 18:40:33.438 - Application: "MmoDemo" started in app domain: 4
7484: 18:40:33.438 - About to load application: CounterPublisher from CounterPublisher
7484: 18:40:33.438 - Auto restart is enabled for application, existing connections will be terminated during restart
7484: 18:40:33.438 - Application will restart 1000ms after the last change detected
7484: 18:40:33.438 - Application will restart if files matching the following are changed: "dll;config"
7484: 18:40:33.438 - Application will NOT restart if files matching the following are changed: "log4net.config"
7484: 18:40:33.548 - Taking reference on default app domain
7484: 18:40:34.208 - Application: "CounterPublisher" started in app domain: 5
7484: 18:40:34.208 - Adding TCP listener on :0.0.0.0: 4530 with a listen backlog of: 150
7484: 18:40:34.208 - TCP inactivity timeout: 10000ms
7484: 18:40:34.208 - TCP disconnect timeout: 120000ms
7484: 18:40:34.208 - MaxInboundMessageSize: 512000
7484: 18:40:34.208 - MaxOutboundMessageSize: 512000
7484: 18:40:34.208 - Serving policy file requests from: "C:\Users\Tim\Downloads\PhotonServer\deploy\Policy\assets\socket-policy.xml"
7484: 18:40:34.208 - MaxInboundMessageSize: 512000
7484: 18:40:34.208 - MaxOutboundMessageSize: 512000
7484: 18:40:34.208 - UDP address specified as:0.0.0.0 adding listener to each available IPv4 address
7484: 18:40:34.208 - Adding UDP listener on :192.168.1.3: 5055 with a listen backlog of: 500
7484: 18:40:34.208 - Adding UDP listener on :127.0.0.1: 5055 with a listen backlog of: 500
7484: 18:40:34.208 - Adding WebSocket TCP listener on :0.0.0.0: 9090 with a listen backlog of: 150
7484: 18:40:34.208 - Nagle disabled
7484: 18:40:34.208 - TCP inactivity timeout: 10000ms
7484: 18:40:34.208 - MaxInboundMessageSize: 512000
7484: 18:40:34.208 - MaxOutboundMessageSize: 512000
7484: 18:40:34.208 - Forcing all applications ids to: "Lite"
7484: 18:40:34.208 - Will accept ANY sub-protocols from the client
7484: 18:40:34.208 - No automatic WebSocket ping
7484: 18:40:34.208 - Adding Policy File listener on :0.0.0.0: 843 with a listen backlog of: 150 and serving Policy File: "C:\Users\Tim\Downloads\PhotonServer\deploy\Policy\assets\socket-policy.xml"
7484: 18:40:34.208 - TCP inactivity timeout: 10000ms
7484: 18:40:34.208 - Adding Policy File listener on :0.0.0.0: 943 with a listen backlog of: 150 and serving Policy File: "C:\Users\Tim\Downloads\PhotonServer\deploy\Policy\assets\socket-policy-silverlight.xml"
7484: 18:40:34.208 - TCP inactivity timeout: 10000ms
7484: 18:40:34.218 - Service is running...
7484: 18:40:40.578 - Service is stopped...
7484: 18:40:40.578 - Server shutting down...
7484: 18:40:40.578 - Shutdown monitoring enabled, 30000ms before process abort
7484: 18:40:40.578 - Notifying CLR applications of shutdown...
7484: 18:40:40.578 - RequestApplicationStop: 5
7484: 18:40:40.588 - RequestApplicationStop: 2
7484: 18:40:40.598 - RequestApplicationStop: 3
7484: 18:40:40.608 - RequestApplicationStop: 4
7484: 18:40:40.608 - RequestStop: defalt app domain
7484: 18:40:40.608 - Shutting down WebSocket Outbound Connection Manager...
7484: 18:40:40.608 - Shutting down TCP Outbound Connection Manager...
7484: 18:40:40.608 - Shutting down ENet Outbound Connection Manager...
7484: 18:40:40.608 - Disconnecting all outbound peers...
7484: 18:40:40.608 - Shutting down ENet host...
7484: 18:40:40.608 - Disconnecting all peers...
7484: 18:40:40.608 - Shutting down socket servers...
7484: 18:40:40.608 - Shutting down ENet thread pool...
7484: 18:40:40.608 - Shutting down TCP inactivity timers...
7484: 18:40:40.608 - WaitingForShutdownToComplete: NativePolicy:0.0.0.0:843
7484: 18:40:40.608 - OnShutdownCompleted: NativePolicy:0.0.0.0:843
7484: 18:40:40.608 - WaitingForShutdownToComplete: NativePolicy:0.0.0.0:943
7484: 18:40:40.608 - OnShutdownCompleted: NativePolicy:0.0.0.0:943
7484: 18:40:40.608 - WaitingForShutdownToComplete: TCP:0.0.0.0:4530
7484: 18:40:40.608 - OnShutdownCompleted: TCP:0.0.0.0:4530
7484: 18:40:40.608 - WaitingForShutdownToComplete: UDP:127.0.0.1:5055
7484: 18:40:40.608 - OnShutdownCompleted: UDP:127.0.0.1:5055
7484: 18:40:40.608 - WaitingForShutdownToComplete: UDP:192.168.1.3:5055
7484: 18:40:40.608 - OnShutdownCompleted: UDP:192.168.1.3:5055
7484: 18:40:40.608 - WaitingForShutdownToComplete: WebSocket:0.0.0.0:9090
7484: 18:40:40.608 - OnShutdownCompleted: WebSocket:0.0.0.0:9090
7484: 18:40:40.608 - Shutting down CLR applications...
7192: 18:40:40.622 - CManagedHost::OnDefaultAction() - OPR_AppDomainUnload - eUnloadAppDomain
2500: 18:40:40.635 - Unloading Domain: ApplicationName = 'CounterPublisher', DomainId='5'
7192: 18:40:40.636 - CManagedHost::OnDomainUnload() - 5
7484: 18:40:40.637 - Shutting down business logic thread pool...
7484: 18:40:40.637 - Shutting down I/O thread pool...
7484: 18:40:40.637 - Destroying servers
7484: 18:40:40.637 - Destroying WebSocket Outbound Connection Manager
7484: 18:40:40.637 - Destroying TCP Outbound Connection Manager
7484: 18:40:40.637 - Destroying TCP inactivity timer
7484: 18:40:40.637 - Destroying ENet timer wheel
7484: 18:40:40.637 - Destroying ENet host
7484: 18:40:40.637 - Destroying ENet outbound host
7484: 18:40:40.637 - Destroying HTTP inactivity timer
7484: 18:40:40.637 - Destroying HTTP host
7484: 18:40:40.637 - Flushing ENET buffer allocator...
7484: 18:40:40.637 - Flushing TCP buffer handle allocator...
7484: 18:40:40.637 - Flushing stream socket allocator...
7484: 18:40:40.638 - Flushing inbound datagram socket allocator...
7484: 18:40:40.638 - Flushing outbound datagram socket allocator...
7484: 18:40:40.638 - Destroying CLR dispatcher
7484: 18:40:40.638 - Destroying CLR applications
7484: 18:40:40.638 - ~CCLRApplicationCollection() - Waiting up to 10 seconds for the CLR to release all of our objects
7192: 18:40:40.690 - CManagedHost::OnDefaultAction() - OPR_AppDomainUnload - eUnloadAppDomain
2500: 18:40:40.700 - Unloading Domain: ApplicationName = 'Lite', DomainId='2'
7192: 18:40:40.700 - CManagedHost::OnDomainUnload() - 2
7192: 18:40:40.700 - CManagedHost::OnDefaultAction() - OPR_AppDomainUnload - eUnloadAppDomain
2500: 18:40:40.710 - Unloading Domain: ApplicationName = 'LiteLobby', DomainId='3'
7192: 18:40:40.710 - CManagedHost::OnDomainUnload() - 3
7192: 18:40:40.720 - CManagedHost::OnDefaultAction() - OPR_AppDomainUnload - eUnloadAppDomain
2500: 18:40:40.720 - Unloading Domain: ApplicationName = 'MmoDemo', DomainId='4'
7192: 18:40:40.720 - CManagedHost::OnDomainUnload() - 4
7484: 18:40:40.720 - ~CCLRApplicationCollection() - Done. All objects released
7484: 18:40:40.720 - ~CManagedHost() - Release default app domain
7484: 18:40:40.720 - CManagedHost::OnDomainUnload() - 1
7484: 18:40:40.720 - ~CManagedHost() - Waiting up to 10 seconds for CLR shutdown...
7484: 18:40:40.720 - ~CManagedHost
7484: 18:40:40.720 - Destroying ENet thread pool
7484: 18:40:40.720 - Destroying Business logic thread pool
7484: 18:40:40.720 - Destroying I/O thread pool
7484: 18:40:40.720 - Destroying ENet buffer allocator
7484: 18:40:40.720 - Destroying TCP buffer allocator
7484: 18:40:40.720 - Destroying TCP socket allocator
7484: 18:40:40.720 - Destroying ENet inbound socket allocator
7484: 18:40:40.720 - Destroying ENet outbound socket allocator
7484: 18:40:40.720 - Shutdown complete...
7484: 18:40:40.720 - Service shutting down
7484: 18:40:40.730 - Service shut down complete
