3944: 14:47:28.173 - ---
3944: 14:47:28.173 - Service: "Photon Socket Server" starting
3944: 14:47:28.173 - Config File: C:\Users\Tim\Downloads\PhotonServer\deploy\bin_Win64\PhotonServer.config
3944: 14:47:28.173 - Will produce at most: 10 crash dumps
3944: 14:47:28.173 - Action: run as service
3764: 14:47:28.430 - Server Starting...
3764: 14:47:28.762 -    Tick count: 119262 (wraps in: 49.7089 days)
3764: 14:47:28.762 - Tick count 64: 119590
3764: 14:47:28.762 - Photon Version: 3.4.5.2597
3764: 14:47:28.762 - PID: 1084
3764: 14:47:28.918 - Current directory is: C:\Windows\system32
3764: 14:47:28.918 - Changing current directory to: C:\Users\Tim\Downloads\PhotonServer\deploy\bin_Win64
3764: 14:47:28.918 - Config File: C:\Users\Tim\Downloads\PhotonServer\deploy\bin_Win64\PhotonServer.config
3764: 14:47:29.006 - Will NOT log unimportant exceptions
3764: 14:47:30.541 - Not using performance counters as they are not currently installed. Run the service with /InstallCounters to install them.
3764: 14:47:30.566 - Shutdown timeout enabled: 30000ms
3764: 14:47:30.945 - Starting I/O thread pool with 2 threads
3764: 14:47:31.196 - Using Standard allocator
3764: 14:47:31.292 - Max message size: 512000
3764: 14:47:31.852 - Starting business logic thread pool with the following settings
3764: 14:47:31.852 - InitialThreads: 4 threads
3764: 14:47:31.852 - MinThreads: 4 threads
3764: 14:47:31.852 - Thread pool is fixed size
3764: 14:47:31.853 - Starting ENet thread pool with the following settings
3764: 14:47:31.853 - InitialThreads: 2 threads
3764: 14:47:31.853 - MinThreads: 2 threads
3764: 14:47:31.853 - Thread pool is fixed size
3764: 14:47:31.853 - OnlyDispatchTimers: False
3764: 14:47:31.853 - S2S: flow control: Max pending writes: 50
3764: 14:47:31.853 - S2S: flow control: Max queued buffers: 200
3764: 14:47:31.983 - S2S: flow control: Max pending writes MUX: 500
3764: 14:47:31.983 - S2S: flow control: Max queued buffers MUX: 2000
3764: 14:47:31.983 - S2S: MaxInboundMessageSize: 512000
3764: 14:47:31.983 - S2S: MaxOutboundMessageSize: 512000
3764: 14:47:31.983 - S2S: No inactivity timeout
3764: 14:47:33.886 - WebSocket S2S: MaxInboundMessageSize: 512000
3764: 14:47:33.886 - WebSocket S2S: MaxOutboundMessageSize: 512000
3764: 14:47:33.886 - WebSocket S2S: No inactivity timeout
3764: 14:47:34.129 - Max Reliable Data In Transit (awaiting ACKs) per peer : 51200 bytes
3764: 14:47:34.129 - Per peer bandwidth limit
3764: 14:47:34.129 - Transmit Rate Limit: 256 KB/Sec
3764: 14:47:34.129 - Limit period: 200ms
3764: 14:47:34.129 - Limit per period: 52428 bytes
3764: 14:47:34.129 - Max queued data for transmission per peer: 512000 bytes
3764: 14:47:34.129 - Minimum retransmit timeout: 200
3764: 14:47:34.129 - Minimum ENet timeout: 5000ms
3764: 14:47:34.129 - Maximum ENet timeout: 30000ms
3764: 14:47:34.129 - Max Inbound Reliable Data Queued (awaiting resends of earlier sequence numbers) per peer : 163840 bytes
3764: 14:47:34.129 - Outbound ENet: MaxInboundMessageSize: 512000
3764: 14:47:34.129 - Outbound ENet: MaxOutboundMessageSize: 512000
3764: 14:47:36.243 - GetRuntime - About to load CLR - versions available:
3764: 14:47:36.243 - v2.0.50727
3764: 14:47:36.243 - v4.0.30319
3764: 14:47:36.243 - Configuration requests: "v2.0.50727"
3764: 14:47:36.243 - About to load version: "v2.0.50727"
3764: 14:47:45.528 - About to load runtime: PhotonHostRuntime.PhotonDomainManager from PhotonHostRuntime, Culture=neutral, PublicKeyToken=02C301B61B060C4D
3764: 14:47:45.528 - CLRBaseDirectory set to "C:\Users\Tim\Downloads\PhotonServer\deploy"
3764: 14:47:45.528 - Optimising event broadcast for 20 or more peers
3764: 14:47:45.878 - Start: About to load CLR - versions available:
3764: 14:47:45.878 - v2.0.50727
3764: 14:47:45.878 - v4.0.30319
3764: 14:47:45.878 - No preference in configuration file, will load latest.
3764: 14:47:45.878 - About to load version: "v4.0.30319"
3764: 14:47:45.977 - Loaded version: "v4.0.30319"
3764: 14:48:25.723 - Photon host runtime loaded
3764: 14:48:43.709 - License is valid.
3764: 14:48:43.709 - Licensed for 100 concurrent connections.
3764: 14:48:43.709 - ENet: Max Reliable Data In Transit (awaiting ACKs) per peer : 51200 bytes
3764: 14:48:43.709 - ENet: Per peer bandwidth limit
3764: 14:48:43.709 - ENet: Transmit Rate Limit: 256 KB/Sec
3764: 14:48:43.709 - ENet: Limit period: 200ms
3764: 14:48:43.709 - ENet: Limit per period: 52428 bytes
3764: 14:48:43.709 - ENet: Max queued data for transmission per peer: 512000 bytes
3764: 14:48:43.709 - ENet: Minimum retransmit timeout: 200
3764: 14:48:43.709 - ENet: Minimum timeout: 5000ms
3764: 14:48:43.709 - ENet: Maximum timeout: 30000ms
3764: 14:48:43.709 - ENet: Max Inbound Reliable Data Queued (awaiting resends of earlier sequence numbers) per peer : 163840 bytes
3764: 14:48:43.709 - About to load application: Lite from Lite
3764: 14:48:43.709 - Auto restart is enabled for application, existing connections will be terminated during restart
3764: 14:48:43.709 - Application will restart 1000ms after the last change detected
3764: 14:48:43.709 - Application will restart if files matching the following are changed: "dll;config"
3764: 14:48:43.709 - Application will NOT restart if files matching the following are changed: "log4net.config"
3764: 14:48:45.113 - Taking reference on default app domain
3764: 14:48:46.268 - Application: "Lite" started in app domain: 2
3764: 14:48:46.268 - About to load application: LiteLobby from LiteLobby
3764: 14:48:46.268 - Auto restart is enabled for application, existing connections will be terminated during restart
3764: 14:48:46.268 - Application will restart 1000ms after the last change detected
3764: 14:48:46.268 - Application will restart if files matching the following are changed: "dll;config"
3764: 14:48:46.268 - Application will NOT restart if files matching the following are changed: "log4net.config"
3764: 14:48:47.126 - Taking reference on default app domain
3764: 14:48:48.155 - Application: "LiteLobby" started in app domain: 3
3764: 14:48:48.155 - About to load application: MmoDemo from Photon.MmoDemo.Server
3764: 14:48:48.155 - Auto restart is enabled for application, existing connections will be terminated during restart
3764: 14:48:48.155 - Application will restart 1000ms after the last change detected
3764: 14:48:48.155 - Application will restart if files matching the following are changed: "dll;config"
3764: 14:48:48.155 - Application will NOT restart if files matching the following are changed: "log4net.config"
3764: 14:48:49.185 - Taking reference on default app domain
3764: 14:48:50.371 - Application: "MmoDemo" started in app domain: 4
3764: 14:48:50.371 - About to load application: CounterPublisher from CounterPublisher
3764: 14:48:50.371 - Auto restart is enabled for application, existing connections will be terminated during restart
3764: 14:48:50.371 - Application will restart 1000ms after the last change detected
3764: 14:48:50.371 - Application will restart if files matching the following are changed: "dll;config"
3764: 14:48:50.371 - Application will NOT restart if files matching the following are changed: "log4net.config"
3764: 14:48:51.806 - Taking reference on default app domain
3764: 14:48:53.569 - Application: "CounterPublisher" started in app domain: 5
3764: 14:48:53.569 - About to load application: ATServer from ATServer
3764: 14:48:53.569 - Auto restart is enabled for application, existing connections will be terminated during restart
3764: 14:48:53.569 - Application will restart 1000ms after the last change detected
3764: 14:48:53.569 - Application will restart if files matching the following are changed: "dll;config"
3764: 14:48:53.569 - Application will NOT restart if files matching the following are changed: "log4net.config"
3764: 14:48:55.082 - Taking reference on default app domain
3764: 14:48:56.049 - Application: "ATServer" started in app domain: 6
3764: 14:48:56.049 - Adding TCP listener on :0.0.0.0: 4530 with a listen backlog of: 150
3764: 14:48:56.049 - TCP inactivity timeout: 10000ms
3764: 14:48:56.049 - TCP disconnect timeout: 120000ms
3764: 14:48:56.049 - MaxInboundMessageSize: 512000
3764: 14:48:56.049 - MaxOutboundMessageSize: 512000
3764: 14:48:56.174 - Serving policy file requests from: "C:\Users\Tim\Downloads\PhotonServer\deploy\Policy\assets\socket-policy.xml"
3764: 14:48:56.174 - MaxInboundMessageSize: 512000
3764: 14:48:56.174 - MaxOutboundMessageSize: 512000
3764: 14:48:56.174 - UDP address specified as:0.0.0.0 adding listener to each available IPv4 address
3764: 14:48:56.189 - Adding UDP listener on :192.168.1.3: 5055 with a listen backlog of: 500
3764: 14:48:56.189 - Adding UDP listener on :127.0.0.1: 5055 with a listen backlog of: 500
3764: 14:48:56.189 - Adding WebSocket TCP listener on :0.0.0.0: 9090 with a listen backlog of: 150
3764: 14:48:56.189 - Nagle disabled
3764: 14:48:56.189 - TCP inactivity timeout: 10000ms
3764: 14:48:56.189 - MaxInboundMessageSize: 512000
3764: 14:48:56.189 - MaxOutboundMessageSize: 512000
3764: 14:48:56.189 - Forcing all applications ids to: "Lite"
3764: 14:48:56.189 - Will accept ANY sub-protocols from the client
3764: 14:48:56.189 - No automatic WebSocket ping
3764: 14:48:56.236 - Adding Policy File listener on :0.0.0.0: 843 with a listen backlog of: 150 and serving Policy File: "C:\Users\Tim\Downloads\PhotonServer\deploy\Policy\assets\socket-policy.xml"
3764: 14:48:56.236 - TCP inactivity timeout: 10000ms
3764: 14:48:56.236 - Adding Policy File listener on :0.0.0.0: 943 with a listen backlog of: 150 and serving Policy File: "C:\Users\Tim\Downloads\PhotonServer\deploy\Policy\assets\socket-policy-silverlight.xml"
3764: 14:48:56.236 - TCP inactivity timeout: 10000ms
3764: 14:48:56.377 - Service is running...
3764: 23:12:21.902 - Service is stopped...
3764: 23:12:21.902 - Server shutting down...
3764: 23:12:21.902 - Shutdown monitoring enabled, 30000ms before process abort
3764: 23:12:22.682 - Notifying CLR applications of shutdown...
3764: 23:12:22.682 - RequestApplicationStop: 6
3764: 23:12:23.946 - RequestApplicationStop: 5
3764: 23:12:23.993 - RequestApplicationStop: 2
3764: 23:12:24.024 - RequestApplicationStop: 3
3764: 23:12:24.040 - RequestApplicationStop: 4
3764: 23:12:24.040 - RequestStop: defalt app domain
3764: 23:12:24.071 - Shutting down WebSocket Outbound Connection Manager...
3764: 23:12:24.086 - Shutting down TCP Outbound Connection Manager...
3764: 23:12:24.352 - Shutting down ENet Outbound Connection Manager...
3764: 23:12:24.367 - Disconnecting all outbound peers...
3764: 23:12:24.414 - Shutting down ENet host...
3764: 23:12:24.414 - Disconnecting all peers...
3764: 23:12:24.414 - Shutting down socket servers...
3764: 23:12:24.414 - Shutting down ENet thread pool...
3764: 23:12:24.414 - Shutting down TCP inactivity timers...
3764: 23:12:24.414 - WaitingForShutdownToComplete: NativePolicy:0.0.0.0:843
3764: 23:12:24.414 - OnShutdownCompleted: NativePolicy:0.0.0.0:843
3764: 23:12:24.414 - WaitingForShutdownToComplete: NativePolicy:0.0.0.0:943
3764: 23:12:24.414 - OnShutdownCompleted: NativePolicy:0.0.0.0:943
3764: 23:12:24.414 - WaitingForShutdownToComplete: TCP:0.0.0.0:4530
3764: 23:12:24.414 - OnShutdownCompleted: TCP:0.0.0.0:4530
3764: 23:12:24.414 - WaitingForShutdownToComplete: UDP:127.0.0.1:5055
3764: 23:12:24.414 - OnShutdownCompleted: UDP:127.0.0.1:5055
3764: 23:12:24.414 - WaitingForShutdownToComplete: UDP:192.168.1.3:5055
3764: 23:12:24.414 - OnShutdownCompleted: UDP:192.168.1.3:5055
3764: 23:12:24.414 - WaitingForShutdownToComplete: WebSocket:0.0.0.0:9090
3764: 23:12:24.414 - OnShutdownCompleted: WebSocket:0.0.0.0:9090
3764: 23:12:24.414 - Shutting down CLR applications...
3764: 23:12:28.548 - ATServer:6 - Stop() failed.
Exception:
System.NotImplementedException: The method or operation is not implemented.
   at ATServer.PhotonServer.TearDown() in c:\Users\Tim\Downloads\PhotonServer\src-server\ATServer\ATServer\PhotonServer.cs:line 36
   at Photon.SocketServer.ApplicationBase.PhotonHostRuntimeInterfaces.IPhotonControl.OnStop() in h:\svncontent\photon-socketserver-sdk_3.4\src\Photon.SocketServer\ApplicationBase.cs:line 1130
   at PhotonHostRuntime.PhotonDomainManager.PhotonPlainAppDomainBehavior.Stop()
   at PhotonHostRuntime.PhotonDomainManager.Stop()
3764: 23:12:28.611 - Shutting down business logic thread pool...
3764: 23:12:28.611 - Shutting down I/O thread pool...
3764: 23:12:28.611 - Destroying servers
3764: 23:12:28.611 - Destroying WebSocket Outbound Connection Manager
3764: 23:12:28.611 - Destroying TCP Outbound Connection Manager
3764: 23:12:28.611 - Destroying TCP inactivity timer
3764: 23:12:28.611 - Destroying ENet timer wheel
4556: 23:12:28.611 - CManagedHost::OnDefaultAction() - OPR_AppDomainUnload - eUnloadAppDomain
3764: 23:12:28.626 - Destroying ENet host
3764: 23:12:28.626 - Destroying ENet outbound host
3764: 23:12:28.626 - Destroying HTTP inactivity timer
3764: 23:12:28.626 - Destroying HTTP host
3764: 23:12:28.626 - Flushing ENET buffer allocator...
3764: 23:12:28.626 - Flushing TCP buffer handle allocator...
3764: 23:12:28.626 - Flushing stream socket allocator...
3764: 23:12:28.626 - Flushing inbound datagram socket allocator...
3764: 23:12:28.626 - Flushing outbound datagram socket allocator...
3764: 23:12:28.626 - Destroying CLR dispatcher
3764: 23:12:28.626 - Destroying CLR applications
4548: 23:12:28.626 - Unloading Domain: ApplicationName = 'CounterPublisher', DomainId='5'
4556: 23:12:28.782 - CManagedHost::OnDomainUnload() - 5
3764: 23:12:28.813 - ~CCLRApplicationCollection() - Waiting up to 10 seconds for the CLR to release all of our objects
4556: 23:12:29.687 - CManagedHost::OnDefaultAction() - OPR_AppDomainUnload - eUnloadAppDomain
4548: 23:12:29.687 - Unloading Domain: ApplicationName = 'Lite', DomainId='2'
4556: 23:12:29.687 - CManagedHost::OnDomainUnload() - 2
4556: 23:12:29.749 - CManagedHost::OnDefaultAction() - OPR_AppDomainUnload - eUnloadAppDomain
4548: 23:12:29.749 - Unloading Domain: ApplicationName = 'LiteLobby', DomainId='3'
4556: 23:12:29.749 - CManagedHost::OnDomainUnload() - 3
4556: 23:12:29.827 - CManagedHost::OnDefaultAction() - OPR_AppDomainUnload - eUnloadAppDomain
4548: 23:12:29.827 - Unloading Domain: ApplicationName = 'MmoDemo', DomainId='4'
4556: 23:12:29.827 - CManagedHost::OnDomainUnload() - 4
