4148: 00:33:16.882 - Service is stopped...
4148: 00:33:16.882 - Server shutting down...
4148: 00:33:16.882 - Shutdown monitoring enabled, 30000ms before process abort
4148: 00:33:17.162 - Notifying CLR applications of shutdown...
4148: 00:33:17.162 - RequestApplicationStop: 6
4148: 00:33:21.328 - RequestApplicationStop: 5
4148: 00:33:21.499 - RequestApplicationStop: 2
4148: 00:33:21.952 - RequestApplicationStop: 3
4148: 00:33:22.061 - RequestApplicationStop: 4
4148: 00:33:22.061 - RequestStop: defalt app domain
4148: 00:33:25.914 - Shutting down WebSocket Outbound Connection Manager...
4148: 00:33:26.086 - Shutting down TCP Outbound Connection Manager...
4148: 00:33:26.257 - Shutting down ENet Outbound Connection Manager...
4148: 00:33:26.257 - Disconnecting all outbound peers...
4148: 00:33:26.304 - Shutting down ENet host...
4148: 00:33:26.304 - Disconnecting all peers...
4148: 00:33:26.304 - Shutting down socket servers...
4148: 00:33:26.304 - Shutting down ENet thread pool...
4148: 00:33:26.304 - Shutting down TCP inactivity timers...
4148: 00:33:26.304 - WaitingForShutdownToComplete: NativePolicy:0.0.0.0:843
4148: 00:33:26.304 - OnShutdownCompleted: NativePolicy:0.0.0.0:843
4148: 00:33:26.304 - WaitingForShutdownToComplete: NativePolicy:0.0.0.0:943
4148: 00:33:26.304 - OnShutdownCompleted: NativePolicy:0.0.0.0:943
4148: 00:33:26.304 - WaitingForShutdownToComplete: TCP:0.0.0.0:4530
4148: 00:33:26.304 - OnShutdownCompleted: TCP:0.0.0.0:4530
4148: 00:33:26.304 - WaitingForShutdownToComplete: UDP:127.0.0.1:5055
4148: 00:33:26.304 - OnShutdownCompleted: UDP:127.0.0.1:5055
4148: 00:33:26.304 - WaitingForShutdownToComplete: UDP:192.168.1.3:5055
4148: 00:33:26.304 - OnShutdownCompleted: UDP:192.168.1.3:5055
4148: 00:33:26.304 - WaitingForShutdownToComplete: WebSocket:0.0.0.0:9090
4148: 00:33:26.304 - OnShutdownCompleted: WebSocket:0.0.0.0:9090
4148: 00:33:26.304 - Shutting down CLR applications...
4148: 00:33:27.973 - ATServer:6 - Stop() failed.
Exception:
System.NotImplementedException: The method or operation is not implemented.
   at ATServer.PhotonServer.TearDown() in c:\Users\Tim\Downloads\PhotonServer\src-server\ATServer\ATServer\PhotonServer.cs:line 36
   at Photon.SocketServer.ApplicationBase.PhotonHostRuntimeInterfaces.IPhotonControl.OnStop() in h:\svncontent\photon-socketserver-sdk_3.4\src\Photon.SocketServer\ApplicationBase.cs:line 1130
   at PhotonHostRuntime.PhotonDomainManager.PhotonPlainAppDomainBehavior.Stop()
   at PhotonHostRuntime.PhotonDomainManager.Stop()
4148: 00:33:28.176 - Shutting down business logic thread pool...
4148: 00:33:28.176 - Shutting down I/O thread pool...
4148: 00:33:28.176 - Destroying servers
4148: 00:33:28.176 - Destroying WebSocket Outbound Connection Manager
4148: 00:33:28.176 - Destroying TCP Outbound Connection Manager
4148: 00:33:28.176 - Destroying TCP inactivity timer
4148: 00:33:28.176 - Destroying ENet timer wheel
4148: 00:33:28.207 - Destroying ENet host
4148: 00:33:28.207 - Destroying ENet outbound host
4148: 00:33:28.207 - Destroying HTTP inactivity timer
4148: 00:33:28.207 - Destroying HTTP host
4148: 00:33:28.207 - Flushing ENET buffer allocator...
4148: 00:33:28.207 - Flushing TCP buffer handle allocator...
4148: 00:33:28.207 - Flushing stream socket allocator...
4148: 00:33:28.207 - Flushing inbound datagram socket allocator...
4148: 00:33:28.207 - Flushing outbound datagram socket allocator...
4148: 00:33:28.207 - Destroying CLR dispatcher
4148: 00:33:28.207 - Destroying CLR applications
4448: 00:33:28.223 - CManagedHost::OnDefaultAction() - OPR_AppDomainUnload - eUnloadAppDomain
4440: 00:33:28.238 - Unloading Domain: ApplicationName = 'CounterPublisher', DomainId='5'
4448: 00:33:28.238 - CManagedHost::OnDomainUnload() - 5
4148: 00:33:28.301 - ~CCLRApplicationCollection() - Waiting up to 10 seconds for the CLR to release all of our objects
4448: 00:33:28.628 - CManagedHost::OnDefaultAction() - OPR_AppDomainUnload - eUnloadAppDomain
4440: 00:33:28.644 - Unloading Domain: ApplicationName = 'Lite', DomainId='2'
4448: 00:33:28.644 - CManagedHost::OnDomainUnload() - 2
3792: 09:58:24.529 - ---
3792: 09:58:24.529 - Service: "Photon Socket Server" starting
3792: 09:58:24.529 - Config File: C:\Users\Tim\Downloads\PhotonServer\deploy\bin_Win64\PhotonServer.config
3792: 09:58:24.747 - Will produce at most: 10 crash dumps
3792: 09:58:24.747 - Action: run as service
4164: 09:58:24.794 - Server Starting...
4164: 09:58:24.794 -    Tick count: 130011 (wraps in: 49.7088 days)
4164: 09:58:24.794 - Tick count 64: 130011
4164: 09:58:24.794 - Photon Version: 3.4.5.2597
4164: 09:58:24.794 - PID: 3788
4164: 09:58:24.872 - Current directory is: C:\Windows\system32
4164: 09:58:24.872 - Changing current directory to: C:\Users\Tim\Downloads\PhotonServer\deploy\bin_Win64
4164: 09:58:24.872 - Config File: C:\Users\Tim\Downloads\PhotonServer\deploy\bin_Win64\PhotonServer.config
4164: 09:58:24.872 - Will NOT log unimportant exceptions
4164: 09:58:26.791 - Not using performance counters as they are not currently installed. Run the service with /InstallCounters to install them.
4164: 09:58:26.993 - Shutdown timeout enabled: 30000ms
4164: 09:58:27.383 - Starting I/O thread pool with 2 threads
4164: 09:58:27.477 - Using Standard allocator
4164: 09:58:27.477 - Max message size: 512000
4164: 09:58:27.773 - Starting business logic thread pool with the following settings
4164: 09:58:27.773 - InitialThreads: 4 threads
4164: 09:58:27.773 - MinThreads: 4 threads
4164: 09:58:27.773 - Thread pool is fixed size
4164: 09:58:27.773 - Starting ENet thread pool with the following settings
4164: 09:58:27.773 - InitialThreads: 2 threads
4164: 09:58:27.773 - MinThreads: 2 threads
4164: 09:58:27.773 - Thread pool is fixed size
4164: 09:58:27.773 - OnlyDispatchTimers: False
4164: 09:58:27.773 - S2S: flow control: Max pending writes: 50
4164: 09:58:27.773 - S2S: flow control: Max queued buffers: 200
4164: 09:58:27.851 - S2S: flow control: Max pending writes MUX: 500
4164: 09:58:27.851 - S2S: flow control: Max queued buffers MUX: 2000
4164: 09:58:27.851 - S2S: MaxInboundMessageSize: 512000
4164: 09:58:27.851 - S2S: MaxOutboundMessageSize: 512000
4164: 09:58:27.851 - S2S: No inactivity timeout
4164: 09:58:28.756 - WebSocket S2S: MaxInboundMessageSize: 512000
4164: 09:58:28.756 - WebSocket S2S: MaxOutboundMessageSize: 512000
4164: 09:58:28.756 - WebSocket S2S: No inactivity timeout
4164: 09:58:28.834 - Max Reliable Data In Transit (awaiting ACKs) per peer : 51200 bytes
4164: 09:58:28.834 - Per peer bandwidth limit
4164: 09:58:28.834 - Transmit Rate Limit: 256 KB/Sec
4164: 09:58:28.834 - Limit period: 200ms
4164: 09:58:28.834 - Limit per period: 52428 bytes
4164: 09:58:28.834 - Max queued data for transmission per peer: 512000 bytes
4164: 09:58:28.834 - Minimum retransmit timeout: 200
4164: 09:58:28.834 - Minimum ENet timeout: 5000ms
4164: 09:58:28.834 - Maximum ENet timeout: 30000ms
4164: 09:58:28.834 - Max Inbound Reliable Data Queued (awaiting resends of earlier sequence numbers) per peer : 163840 bytes
4164: 09:58:28.834 - Outbound ENet: MaxInboundMessageSize: 512000
4164: 09:58:28.834 - Outbound ENet: MaxOutboundMessageSize: 512000
4164: 09:58:29.942 - GetRuntime - About to load CLR - versions available:
4164: 09:58:29.942 - v2.0.50727
4164: 09:58:29.942 - v4.0.30319
4164: 09:58:29.942 - Configuration requests: "v2.0.50727"
4164: 09:58:29.942 - About to load version: "v2.0.50727"
4164: 09:58:36.275 - About to load runtime: PhotonHostRuntime.PhotonDomainManager from PhotonHostRuntime, Culture=neutral, PublicKeyToken=02C301B61B060C4D
4164: 09:58:36.275 - CLRBaseDirectory set to "C:\Users\Tim\Downloads\PhotonServer\deploy"
4164: 09:58:36.275 - Optimising event broadcast for 20 or more peers
4164: 09:58:36.509 - Start: About to load CLR - versions available:
4164: 09:58:36.509 - v2.0.50727
4164: 09:58:36.509 - v4.0.30319
4164: 09:58:36.509 - No preference in configuration file, will load latest.
4164: 09:58:36.509 - About to load version: "v4.0.30319"
4164: 09:58:36.509 - Loaded version: "v4.0.30319"
4164: 09:59:08.594 - Photon host runtime loaded
4164: 09:59:27.248 - License is valid.
4164: 09:59:27.248 - Licensed for 100 concurrent connections.
4164: 09:59:27.248 - ENet: Max Reliable Data In Transit (awaiting ACKs) per peer : 51200 bytes
4164: 09:59:27.248 - ENet: Per peer bandwidth limit
4164: 09:59:27.248 - ENet: Transmit Rate Limit: 256 KB/Sec
4164: 09:59:27.248 - ENet: Limit period: 200ms
4164: 09:59:27.248 - ENet: Limit per period: 52428 bytes
4164: 09:59:27.248 - ENet: Max queued data for transmission per peer: 512000 bytes
4164: 09:59:27.248 - ENet: Minimum retransmit timeout: 200
4164: 09:59:27.248 - ENet: Minimum timeout: 5000ms
4164: 09:59:27.248 - ENet: Maximum timeout: 30000ms
4164: 09:59:27.248 - ENet: Max Inbound Reliable Data Queued (awaiting resends of earlier sequence numbers) per peer : 163840 bytes
4164: 09:59:27.248 - About to load application: Lite from Lite
4164: 09:59:27.248 - Auto restart is enabled for application, existing connections will be terminated during restart
4164: 09:59:27.248 - Application will restart 1000ms after the last change detected
4164: 09:59:27.248 - Application will restart if files matching the following are changed: "dll;config"
4164: 09:59:27.248 - Application will NOT restart if files matching the following are changed: "log4net.config"
4164: 09:59:28.475 - Taking reference on default app domain
4164: 09:59:29.515 - Application: "Lite" started in app domain: 2
4164: 09:59:29.515 - About to load application: LiteLobby from LiteLobby
4164: 09:59:29.515 - Auto restart is enabled for application, existing connections will be terminated during restart
4164: 09:59:29.515 - Application will restart 1000ms after the last change detected
4164: 09:59:29.515 - Application will restart if files matching the following are changed: "dll;config"
4164: 09:59:29.515 - Application will NOT restart if files matching the following are changed: "log4net.config"
4164: 09:59:30.099 - Taking reference on default app domain
4164: 09:59:30.768 - Application: "LiteLobby" started in app domain: 3
4164: 09:59:30.768 - About to load application: MmoDemo from Photon.MmoDemo.Server
4164: 09:59:30.768 - Auto restart is enabled for application, existing connections will be terminated during restart
4164: 09:59:30.768 - Application will restart 1000ms after the last change detected
4164: 09:59:30.768 - Application will restart if files matching the following are changed: "dll;config"
4164: 09:59:30.768 - Application will NOT restart if files matching the following are changed: "log4net.config"
4164: 09:59:31.654 - Taking reference on default app domain
4164: 09:59:32.416 - Application: "MmoDemo" started in app domain: 4
4164: 09:59:32.416 - About to load application: CounterPublisher from CounterPublisher
4164: 09:59:32.416 - Auto restart is enabled for application, existing connections will be terminated during restart
4164: 09:59:32.416 - Application will restart 1000ms after the last change detected
4164: 09:59:32.416 - Application will restart if files matching the following are changed: "dll;config"
4164: 09:59:32.416 - Application will NOT restart if files matching the following are changed: "log4net.config"
4164: 09:59:32.974 - Taking reference on default app domain
4164: 09:59:33.679 - Application: "CounterPublisher" started in app domain: 5
4164: 09:59:33.679 - About to load application: ATServer from ATServer
4164: 09:59:33.679 - Auto restart is enabled for application, existing connections will be terminated during restart
4164: 09:59:33.679 - Application will restart 1000ms after the last change detected
4164: 09:59:33.679 - Application will restart if files matching the following are changed: "dll;config"
4164: 09:59:33.679 - Application will NOT restart if files matching the following are changed: "log4net.config"
4164: 09:59:34.657 - Taking reference on default app domain
4164: 09:59:35.820 - Application: "ATServer" started in app domain: 6
4164: 09:59:35.820 - Adding TCP listener on :0.0.0.0: 4530 with a listen backlog of: 150
4164: 09:59:35.820 - TCP inactivity timeout: 10000ms
4164: 09:59:35.820 - TCP disconnect timeout: 120000ms
4164: 09:59:35.820 - MaxInboundMessageSize: 512000
4164: 09:59:35.820 - MaxOutboundMessageSize: 512000
4164: 09:59:35.918 - Serving policy file requests from: "C:\Users\Tim\Downloads\PhotonServer\deploy\Policy\assets\socket-policy.xml"
4164: 09:59:35.992 - MaxInboundMessageSize: 512000
4164: 09:59:35.993 - MaxOutboundMessageSize: 512000
4164: 09:59:35.993 - UDP address specified as:0.0.0.0 adding listener to each available IPv4 address
4164: 09:59:35.994 - Adding UDP listener on :192.168.1.3: 5055 with a listen backlog of: 500
4164: 09:59:35.994 - Adding UDP listener on :127.0.0.1: 5055 with a listen backlog of: 500
4164: 09:59:35.995 - Adding WebSocket TCP listener on :0.0.0.0: 9090 with a listen backlog of: 150
4164: 09:59:35.995 - Nagle disabled
4164: 09:59:35.995 - TCP inactivity timeout: 10000ms
4164: 09:59:35.995 - MaxInboundMessageSize: 512000
4164: 09:59:35.995 - MaxOutboundMessageSize: 512000
4164: 09:59:35.995 - Forcing all applications ids to: "Lite"
4164: 09:59:35.995 - Will accept ANY sub-protocols from the client
4164: 09:59:35.995 - No automatic WebSocket ping
4164: 09:59:36.059 - Adding Policy File listener on :0.0.0.0: 843 with a listen backlog of: 150 and serving Policy File: "C:\Users\Tim\Downloads\PhotonServer\deploy\Policy\assets\socket-policy.xml"
4164: 09:59:36.059 - TCP inactivity timeout: 10000ms
4164: 09:59:36.059 - Adding Policy File listener on :0.0.0.0: 943 with a listen backlog of: 150 and serving Policy File: "C:\Users\Tim\Downloads\PhotonServer\deploy\Policy\assets\socket-policy-silverlight.xml"
4164: 09:59:36.059 - TCP inactivity timeout: 10000ms
4164: 09:59:36.207 - Service is running...
4164: 22:01:56.784 - Service is stopped...
4164: 22:01:56.784 - Server shutting down...
4164: 22:01:56.784 - Shutdown monitoring enabled, 30000ms before process abort
4164: 22:01:56.894 - Notifying CLR applications of shutdown...
4164: 22:01:56.894 - RequestApplicationStop: 6
4164: 22:01:59.218 - RequestApplicationStop: 5
4164: 22:01:59.234 - RequestApplicationStop: 2
4164: 22:01:59.249 - RequestApplicationStop: 3
4164: 22:01:59.296 - RequestApplicationStop: 4
4164: 22:01:59.296 - RequestStop: defalt app domain
4164: 22:01:59.374 - Shutting down WebSocket Outbound Connection Manager...
4164: 22:01:59.390 - Shutting down TCP Outbound Connection Manager...
4164: 22:01:59.904 - Shutting down ENet Outbound Connection Manager...
4164: 22:01:59.967 - Disconnecting all outbound peers...
4164: 22:02:00.029 - Shutting down ENet host...
4164: 22:02:00.029 - Disconnecting all peers...
4164: 22:02:00.029 - Shutting down socket servers...
4164: 22:02:00.029 - Shutting down ENet thread pool...
4164: 22:02:00.029 - Shutting down TCP inactivity timers...
4164: 22:02:00.029 - WaitingForShutdownToComplete: NativePolicy:0.0.0.0:843
4164: 22:02:00.029 - OnShutdownCompleted: NativePolicy:0.0.0.0:843
4164: 22:02:00.029 - WaitingForShutdownToComplete: NativePolicy:0.0.0.0:943
4164: 22:02:00.029 - OnShutdownCompleted: NativePolicy:0.0.0.0:943
4164: 22:02:00.029 - WaitingForShutdownToComplete: TCP:0.0.0.0:4530
4164: 22:02:00.029 - OnShutdownCompleted: TCP:0.0.0.0:4530
4164: 22:02:00.029 - WaitingForShutdownToComplete: UDP:127.0.0.1:5055
4164: 22:02:00.029 - OnShutdownCompleted: UDP:127.0.0.1:5055
4164: 22:02:00.029 - WaitingForShutdownToComplete: UDP:192.168.1.3:5055
4164: 22:02:00.029 - OnShutdownCompleted: UDP:192.168.1.3:5055
4164: 22:02:00.029 - WaitingForShutdownToComplete: WebSocket:0.0.0.0:9090
4164: 22:02:00.029 - OnShutdownCompleted: WebSocket:0.0.0.0:9090
4164: 22:02:00.029 - Shutting down CLR applications...
4164: 22:02:04.506 - ATServer:6 - Stop() failed.
Exception:
System.NotImplementedException: The method or operation is not implemented.
   at ATServer.PhotonServer.TearDown() in c:\Users\Tim\Downloads\PhotonServer\src-server\ATServer\ATServer\PhotonServer.cs:line 36
   at Photon.SocketServer.ApplicationBase.PhotonHostRuntimeInterfaces.IPhotonControl.OnStop()
   at PhotonHostRuntime.PhotonDomainManager.PhotonPlainAppDomainBehavior.Stop()
   at PhotonHostRuntime.PhotonDomainManager.Stop()
4164: 22:02:04.834 - Shutting down business logic thread pool...
4164: 22:02:04.834 - Shutting down I/O thread pool...
4164: 22:02:04.834 - Destroying servers
4164: 22:02:04.834 - Destroying WebSocket Outbound Connection Manager
4164: 22:02:04.834 - Destroying TCP Outbound Connection Manager
4164: 22:02:04.834 - Destroying TCP inactivity timer
4164: 22:02:04.834 - Destroying ENet timer wheel
4164: 22:02:05.021 - Destroying ENet host
4164: 22:02:05.021 - Destroying ENet outbound host
4164: 22:02:05.021 - Destroying HTTP inactivity timer
4164: 22:02:05.021 - Destroying HTTP host
4164: 22:02:05.021 - Flushing ENET buffer allocator...
4164: 22:02:05.021 - Flushing TCP buffer handle allocator...
4164: 22:02:05.021 - Flushing stream socket allocator...
4164: 22:02:05.021 - Flushing inbound datagram socket allocator...
4164: 22:02:05.021 - Flushing outbound datagram socket allocator...
4164: 22:02:05.021 - Destroying CLR dispatcher
4164: 22:02:05.021 - Destroying CLR applications
4496: 22:02:05.037 - CManagedHost::OnDefaultAction() - OPR_AppDomainUnload - eUnloadAppDomain
4488: 22:02:05.037 - Unloading Domain: ApplicationName = 'CounterPublisher', DomainId='5'
4496: 22:02:05.037 - CManagedHost::OnDomainUnload() - 5
4164: 22:02:05.208 - ~CCLRApplicationCollection() - Waiting up to 10 seconds for the CLR to release all of our objects
